Build started 7/7/2012 5:40:15 PM.
     1>Project "C:\Users\tdqua_000\Desktop\MyLab\ParMetis\programs\pometis.vcxproj" on node 2 (build target(s)).
     1>InitializeBuildStatus:
         Touching "pometis.dir\Debug\pometis.unsuccessfulbuild".
       CustomBuild:
         All outputs are up-to-date.
       ClCompile:
         All outputs are up-to-date.
       ManifestResourceCompile:
         All outputs are up-to-date.
       Link:
         C:\Program Files (x86)\Microsoft Visual Studio 10.0\VC\bin\link.exe /ERRORREPORT:PROMPT /OUT:"C:\Users\tdqua_000\Desktop\MyLab\ParMetis\programs\Debug\pometis.exe" /INCREMENTAL /NOLOGO kernel32.lib user32.lib gdi32.lib winspool.lib shell32.lib ole32.lib oleaut32.lib uuid.lib comdlg32.lib advapi32.lib ..\libparmetis\Debug\parmetis.lib ..\libmetis\Debug\metis.lib /MANIFEST /ManifestFile:"pometis.dir\Debug\pometis.exe.intermediate.manifest" /MANIFESTUAC:"level='asInvoker' uiAccess='false'" /DEBUG /PDB:"C:/Users/tdqua_000/Desktop/MyLab/ParMetis/programs/Debug/pometis.pdb" /SUBSYSTEM:CONSOLE /STACK:"10000000" /TLBID:1 /DYNAMICBASE /NXCOMPAT /IMPLIB:"C:/Users/tdqua_000/Desktop/MyLab/ParMetis/programs/Debug/pometis.lib" /MACHINE:X86 pometis.dir\Debug\pometis.exe.embed.manifest.res
         pometis.dir\Debug\pometis.obj
         pometis.dir\Debug\io.obj
         "..\..\..\..\..\..\Program Files (x86)\MPICH2\lib\cxx.lib"
         "..\..\..\..\..\..\Program Files (x86)\MPICH2\lib\cxxd.lib"
         "..\..\..\..\..\..\Program Files (x86)\MPICH2\lib\fmpe.lib"
         "..\..\..\..\..\..\Program Files (x86)\MPICH2\lib\fmpich2.lib"
         "..\..\..\..\..\..\Program Files (x86)\MPICH2\lib\fmpich2g.lib"
         "..\..\..\..\..\..\Program Files (x86)\MPICH2\lib\fmpich2s.lib"
         "..\..\..\..\..\..\Program Files (x86)\MPICH2\lib\mpe.lib"
         "..\..\..\..\..\..\Program Files (x86)\MPICH2\lib\mpi.lib"  /machine:X86 /debug 
       Manifest:
         C:\Program Files (x86)\Microsoft SDKs\Windows\v7.0A\bin\mt.exe /nologo /verbose /out:"pometis.dir\Debug\pometis.exe.embed.manifest" /manifest pometis.dir\Debug\pometis.exe.intermediate.manifest
         C:\Program Files (x86)\Microsoft SDKs\Windows\v7.0A\bin\rc.exe /nologo /fo"pometis.dir\Debug\pometis.exe.embed.manifest.res" pometis.dir\Debug\pometis_manifest.rc 
       LinkEmbedManifest:
         C:\Program Files (x86)\Microsoft Visual Studio 10.0\VC\bin\link.exe /ERRORREPORT:PROMPT /OUT:"C:\Users\tdqua_000\Desktop\MyLab\ParMetis\programs\Debug\pometis.exe" /INCREMENTAL /NOLOGO kernel32.lib user32.lib gdi32.lib winspool.lib shell32.lib ole32.lib oleaut32.lib uuid.lib comdlg32.lib advapi32.lib ..\libparmetis\Debug\parmetis.lib ..\libmetis\Debug\metis.lib /MANIFEST /ManifestFile:"pometis.dir\Debug\pometis.exe.intermediate.manifest" /MANIFESTUAC:"level='asInvoker' uiAccess='false'" /DEBUG /PDB:"C:/Users/tdqua_000/Desktop/MyLab/ParMetis/programs/Debug/pometis.pdb" /SUBSYSTEM:CONSOLE /STACK:"10000000" /TLBID:1 /DYNAMICBASE /NXCOMPAT /IMPLIB:"C:/Users/tdqua_000/Desktop/MyLab/ParMetis/programs/Debug/pometis.lib" /MACHINE:X86 pometis.dir\Debug\pometis.exe.embed.manifest.res
         pometis.dir\Debug\pometis.obj
         pometis.dir\Debug\io.obj
         "..\..\..\..\..\..\Program Files (x86)\MPICH2\lib\cxx.lib"
         "..\..\..\..\..\..\Program Files (x86)\MPICH2\lib\cxxd.lib"
         "..\..\..\..\..\..\Program Files (x86)\MPICH2\lib\fmpe.lib"
         "..\..\..\..\..\..\Program Files (x86)\MPICH2\lib\fmpich2.lib"
         "..\..\..\..\..\..\Program Files (x86)\MPICH2\lib\fmpich2g.lib"
         "..\..\..\..\..\..\Program Files (x86)\MPICH2\lib\fmpich2s.lib"
         "..\..\..\..\..\..\Program Files (x86)\MPICH2\lib\mpe.lib"
         "..\..\..\..\..\..\Program Files (x86)\MPICH2\lib\mpi.lib"  /machine:X86 /debug 
         pometis.vcxproj -> C:\Users\tdqua_000\Desktop\MyLab\ParMetis\programs\Debug\pometis.exe
       FinalizeBuildStatus:
         Deleting file "pometis.dir\Debug\pometis.unsuccessfulbuild".
         Touching "pometis.dir\Debug\pometis.lastbuildstate".
     1>Done Building Project "C:\Users\tdqua_000\Desktop\MyLab\ParMetis\programs\pometis.vcxproj" (build target(s)).

Build succeeded.

Time Elapsed 00:00:00.97
