Build started 7/7/2012 5:40:15 PM.
     1>Project "C:\Users\tdqua_000\Desktop\MyLab\ParMetis\programs\parmetis_prog.vcxproj" on node 4 (build target(s)).
     1>InitializeBuildStatus:
         Touching "parmetis_prog.dir\Debug\parmetis_prog.unsuccessfulbuild".
       CustomBuild:
         All outputs are up-to-date.
       ClCompile:
         All outputs are up-to-date.
       ManifestResourceCompile:
         All outputs are up-to-date.
       Link:
         C:\Program Files (x86)\Microsoft Visual Studio 10.0\VC\bin\link.exe /ERRORREPORT:PROMPT /OUT:"C:\Users\tdqua_000\Desktop\MyLab\ParMetis\programs\Debug\parmetis.exe" /INCREMENTAL /NOLOGO kernel32.lib user32.lib gdi32.lib winspool.lib shell32.lib ole32.lib oleaut32.lib uuid.lib comdlg32.lib advapi32.lib ..\libparmetis\Debug\parmetis.lib ..\libmetis\Debug\metis.lib /MANIFEST /ManifestFile:"parmetis_prog.dir\Debug\parmetis.exe.intermediate.manifest" /MANIFESTUAC:"level='asInvoker' uiAccess='false'" /DEBUG /PDB:"C:/Users/tdqua_000/Desktop/MyLab/ParMetis/programs/Debug/parmetis.pdb" /SUBSYSTEM:CONSOLE /STACK:"10000000" /TLBID:1 /DYNAMICBASE /NXCOMPAT /IMPLIB:"C:/Users/tdqua_000/Desktop/MyLab/ParMetis/programs/Debug/parmetis.lib" /MACHINE:X86 parmetis_prog.dir\Debug\parmetis.exe.embed.manifest.res
         parmetis_prog.dir\Debug\parmetis.obj
         parmetis_prog.dir\Debug\io.obj
         parmetis_prog.dir\Debug\adaptgraph.obj
         "..\..\..\..\..\..\Program Files (x86)\MPICH2\lib\cxx.lib"
         "..\..\..\..\..\..\Program Files (x86)\MPICH2\lib\cxxd.lib"
         "..\..\..\..\..\..\Program Files (x86)\MPICH2\lib\fmpe.lib"
         "..\..\..\..\..\..\Program Files (x86)\MPICH2\lib\fmpich2.lib"
         "..\..\..\..\..\..\Program Files (x86)\MPICH2\lib\fmpich2g.lib"
         "..\..\..\..\..\..\Program Files (x86)\MPICH2\lib\fmpich2s.lib"
         "..\..\..\..\..\..\Program Files (x86)\MPICH2\lib\mpe.lib"
         "..\..\..\..\..\..\Program Files (x86)\MPICH2\lib\mpi.lib"  /machine:X86 /debug 
       Manifest:
         C:\Program Files (x86)\Microsoft SDKs\Windows\v7.0A\bin\mt.exe /nologo /verbose /out:"parmetis_prog.dir\Debug\parmetis.exe.embed.manifest" /manifest parmetis_prog.dir\Debug\parmetis.exe.intermediate.manifest
         C:\Program Files (x86)\Microsoft SDKs\Windows\v7.0A\bin\rc.exe /nologo /fo"parmetis_prog.dir\Debug\parmetis.exe.embed.manifest.res" parmetis_prog.dir\Debug\parmetis_manifest.rc 
       LinkEmbedManifest:
         C:\Program Files (x86)\Microsoft Visual Studio 10.0\VC\bin\link.exe /ERRORREPORT:PROMPT /OUT:"C:\Users\tdqua_000\Desktop\MyLab\ParMetis\programs\Debug\parmetis.exe" /INCREMENTAL /NOLOGO kernel32.lib user32.lib gdi32.lib winspool.lib shell32.lib ole32.lib oleaut32.lib uuid.lib comdlg32.lib advapi32.lib ..\libparmetis\Debug\parmetis.lib ..\libmetis\Debug\metis.lib /MANIFEST /ManifestFile:"parmetis_prog.dir\Debug\parmetis.exe.intermediate.manifest" /MANIFESTUAC:"level='asInvoker' uiAccess='false'" /DEBUG /PDB:"C:/Users/tdqua_000/Desktop/MyLab/ParMetis/programs/Debug/parmetis.pdb" /SUBSYSTEM:CONSOLE /STACK:"10000000" /TLBID:1 /DYNAMICBASE /NXCOMPAT /IMPLIB:"C:/Users/tdqua_000/Desktop/MyLab/ParMetis/programs/Debug/parmetis.lib" /MACHINE:X86 parmetis_prog.dir\Debug\parmetis.exe.embed.manifest.res
         parmetis_prog.dir\Debug\parmetis.obj
         parmetis_prog.dir\Debug\io.obj
         parmetis_prog.dir\Debug\adaptgraph.obj
         "..\..\..\..\..\..\Program Files (x86)\MPICH2\lib\cxx.lib"
         "..\..\..\..\..\..\Program Files (x86)\MPICH2\lib\cxxd.lib"
         "..\..\..\..\..\..\Program Files (x86)\MPICH2\lib\fmpe.lib"
         "..\..\..\..\..\..\Program Files (x86)\MPICH2\lib\fmpich2.lib"
         "..\..\..\..\..\..\Program Files (x86)\MPICH2\lib\fmpich2g.lib"
         "..\..\..\..\..\..\Program Files (x86)\MPICH2\lib\fmpich2s.lib"
         "..\..\..\..\..\..\Program Files (x86)\MPICH2\lib\mpe.lib"
         "..\..\..\..\..\..\Program Files (x86)\MPICH2\lib\mpi.lib"  /machine:X86 /debug 
         parmetis_prog.vcxproj -> C:\Users\tdqua_000\Desktop\MyLab\ParMetis\programs\Debug\parmetis.exe
       FinalizeBuildStatus:
         Deleting file "parmetis_prog.dir\Debug\parmetis_prog.unsuccessfulbuild".
         Touching "parmetis_prog.dir\Debug\parmetis_prog.lastbuildstate".
     1>Done Building Project "C:\Users\tdqua_000\Desktop\MyLab\ParMetis\programs\parmetis_prog.vcxproj" (build target(s)).

Build succeeded.

Time Elapsed 00:00:01.07
