Build started 7/7/2012 5:40:12 PM.
     1>Project "C:\Users\tdqua_000\Desktop\MyLab\ParMetis\libparmetis\parmetis.vcxproj" on node 2 (build target(s)).
     1>InitializeBuildStatus:
         Touching "parmetis.dir\Debug\parmetis.unsuccessfulbuild".
       CustomBuild:
         All outputs are up-to-date.
       ClCompile:
         C:\Program Files (x86)\Microsoft Visual Studio 10.0\VC\bin\CL.exe /c /I"C:/Users/tdqua_000/Desktop/MyLab/parmetis-4.0.2/include" /I"C:/Users/tdqua_000/Desktop/MyLab/parmetis-4.0.2/METIS/GKlib" /I"C:/Users/tdqua_000/Desktop/MyLab/parmetis-4.0.2/METIS/include" /I"C:/Users/tdqua_000/Desktop/MyLab/parmetis-4.0.2/libparmetis/." /Zi /nologo /W3 /WX- /Od /Ob0 /Oy- /D WIN32 /D _WINDOWS /D WIN32 /D MSC /D _CRT_SECURE_NO_DEPRECATE /D USE_GKREGEX /D NDEBUG /D NDEBUG2 /D "__thread=__declspec(thread)" /D _DEBUG /D "CMAKE_INTDIR=\"Debug\"" /D _MBCS /Gm- /RTC1 /MDd /GS /fp:precise /Zc:wchar_t /Zc:forScope /Fo"parmetis.dir\Debug\\" /Fd"C:/Users/tdqua_000/Desktop/MyLab/ParMetis/libparmetis/Debug/parmetis.pdb" /Gd /TC /analyze- /errorReport:prompt "C:\Users\tdqua_000\Desktop\MyLab\parmetis-4.0.2\libparmetis\akwayfm.c" "C:\Users\tdqua_000\Desktop\MyLab\parmetis-4.0.2\libparmetis\ametis.c" "C:\Users\tdqua_000\Desktop\MyLab\parmetis-4.0.2\libparmetis\balancemylink.c" "C:\Users\tdqua_000\Desktop\MyLab\parmetis-4.0.2\libparmetis\comm.c" "C:\Users\tdqua_000\Desktop\MyLab\parmetis-4.0.2\libparmetis\csrmatch.c" "C:\Users\tdqua_000\Desktop\MyLab\parmetis-4.0.2\libparmetis\ctrl.c" "C:\Users\tdqua_000\Desktop\MyLab\parmetis-4.0.2\libparmetis\debug.c" "C:\Users\tdqua_000\Desktop\MyLab\parmetis-4.0.2\libparmetis\diffutil.c" "C:\Users\tdqua_000\Desktop\MyLab\parmetis-4.0.2\libparmetis\frename.c" "C:\Users\tdqua_000\Desktop\MyLab\parmetis-4.0.2\libparmetis\gkmetis.c" "C:\Users\tdqua_000\Desktop\MyLab\parmetis-4.0.2\libparmetis\gkmpi.c" "C:\Users\tdqua_000\Desktop\MyLab\parmetis-4.0.2\libparmetis\graph.c" "C:\Users\tdqua_000\Desktop\MyLab\parmetis-4.0.2\libparmetis\initbalance.c" "C:\Users\tdqua_000\Desktop\MyLab\parmetis-4.0.2\libparmetis\initmsection.c" "C:\Users\tdqua_000\Desktop\MyLab\parmetis-4.0.2\libparmetis\initpart.c" "C:\Users\tdqua_000\Desktop\MyLab\parmetis-4.0.2\libparmetis\kmetis.c" "C:\Users\tdqua_000\Desktop\MyLab\parmetis-4.0.2\libparmetis\kwayrefine.c" "C:\Users\tdqua_000\Desktop\MyLab\parmetis-4.0.2\libparmetis\match.c" "C:\Users\tdqua_000\Desktop\MyLab\parmetis-4.0.2\libparmetis\mdiffusion.c" "C:\Users\tdqua_000\Desktop\MyLab\parmetis-4.0.2\libparmetis\mesh.c" "C:\Users\tdqua_000\Desktop\MyLab\parmetis-4.0.2\libparmetis\mmetis.c" "C:\Users\tdqua_000\Desktop\MyLab\parmetis-4.0.2\libparmetis\move.c" "C:\Users\tdqua_000\Desktop\MyLab\parmetis-4.0.2\libparmetis\msetup.c" "C:\Users\tdqua_000\Desktop\MyLab\parmetis-4.0.2\libparmetis\node_refine.c" "C:\Users\tdqua_000\Desktop\MyLab\parmetis-4.0.2\libparmetis\ometis.c" "C:\Users\tdqua_000\Desktop\MyLab\parmetis-4.0.2\libparmetis\pspases.c" "C:\Users\tdqua_000\Desktop\MyLab\parmetis-4.0.2\libparmetis\redomylink.c" "C:\Users\tdqua_000\Desktop\MyLab\parmetis-4.0.2\libparmetis\remap.c" "C:\Users\tdqua_000\Desktop\MyLab\parmetis-4.0.2\libparmetis\renumber.c" "C:\Users\tdqua_000\Desktop\MyLab\parmetis-4.0.2\libparmetis\rmetis.c" "C:\Users\tdqua_000\Desktop\MyLab\parmetis-4.0.2\libparmetis\selectq.c" "C:\Users\tdqua_000\Desktop\MyLab\parmetis-4.0.2\libparmetis\serial.c" "C:\Users\tdqua_000\Desktop\MyLab\parmetis-4.0.2\libparmetis\stat.c" "C:\Users\tdqua_000\Desktop\MyLab\parmetis-4.0.2\libparmetis\timer.c" "C:\Users\tdqua_000\Desktop\MyLab\parmetis-4.0.2\libparmetis\util.c" "C:\Users\tdqua_000\Desktop\MyLab\parmetis-4.0.2\libparmetis\wave.c" "C:\Users\tdqua_000\Desktop\MyLab\parmetis-4.0.2\libparmetis\weird.c" "C:\Users\tdqua_000\Desktop\MyLab\parmetis-4.0.2\libparmetis\wspace.c" "C:\Users\tdqua_000\Desktop\MyLab\parmetis-4.0.2\libparmetis\xyzpart.c"  /Zm1000 
         akwayfm.c
     1>C:\Users\tdqua_000\Desktop\MyLab\parmetis-4.0.2\libparmetis\akwayfm.c(363): warning C4244: '=' : conversion from 'double' to 'real_t', possible loss of data
     1>C:\Users\tdqua_000\Desktop\MyLab\parmetis-4.0.2\libparmetis\akwayfm.c(408): warning C4244: '=' : conversion from 'double' to 'real_t', possible loss of data
         ametis.c
     1>C:\Users\tdqua_000\Desktop\MyLab\parmetis-4.0.2\libparmetis\ametis.c(142): warning C4244: '=' : conversion from 'double' to 'real_t', possible loss of data
     1>C:\Users\tdqua_000\Desktop\MyLab\parmetis-4.0.2\libparmetis\ametis.c(143): warning C4244: '=' : conversion from 'double' to 'real_t', possible loss of data
         balancemylink.c
     1>C:\Users\tdqua_000\Desktop\MyLab\parmetis-4.0.2\libparmetis\balancemylink.c(67): warning C4244: '=' : conversion from 'double' to 'real_t', possible loss of data
     1>C:\Users\tdqua_000\Desktop\MyLab\parmetis-4.0.2\libparmetis\balancemylink.c(180): warning C4244: '=' : conversion from 'double' to 'real_t', possible loss of data
     1>C:\Users\tdqua_000\Desktop\MyLab\parmetis-4.0.2\libparmetis\balancemylink.c(230): warning C4244: '+=' : conversion from 'double' to 'real_t', possible loss of data
     1>C:\Users\tdqua_000\Desktop\MyLab\parmetis-4.0.2\libparmetis\balancemylink.c(237): warning C4244: '=' : conversion from 'double' to 'real_t', possible loss of data
     1>C:\Users\tdqua_000\Desktop\MyLab\parmetis-4.0.2\libparmetis\balancemylink.c(310): warning C4244: '=' : conversion from 'double' to 'real_t', possible loss of data
     1>C:\Users\tdqua_000\Desktop\MyLab\parmetis-4.0.2\libparmetis\balancemylink.c(312): warning C4244: '=' : conversion from 'double' to 'real_t', possible loss of data
         comm.c
         csrmatch.c
     1>C:\Users\tdqua_000\Desktop\MyLab\parmetis-4.0.2\libparmetis\csrmatch.c(45): warning C4244: '=' : conversion from 'double' to 'real_t', possible loss of data
     1>C:\Users\tdqua_000\Desktop\MyLab\parmetis-4.0.2\libparmetis\csrmatch.c(68): warning C4244: '=' : conversion from 'double' to 'real_t', possible loss of data
         ctrl.c
     1>C:\Users\tdqua_000\Desktop\MyLab\parmetis-4.0.2\libparmetis\ctrl.c(101): warning C4244: '=' : conversion from 'double' to 'real_t', possible loss of data
     1>C:\Users\tdqua_000\Desktop\MyLab\parmetis-4.0.2\libparmetis\ctrl.c(106): warning C4305: 'function' : truncation from 'double' to 'real_t'
     1>C:\Users\tdqua_000\Desktop\MyLab\parmetis-4.0.2\libparmetis\ctrl.c(133): warning C4244: '=' : conversion from 'double' to 'real_t', possible loss of data
         debug.c
         diffutil.c
     1>C:\Users\tdqua_000\Desktop\MyLab\parmetis-4.0.2\libparmetis\diffutil.c(202): warning C4244: '=' : conversion from 'double' to 'real_t', possible loss of data
         frename.c
         gkmetis.c
     1>C:\Users\tdqua_000\Desktop\MyLab\parmetis-4.0.2\libparmetis\gkmetis.c(29): warning C4101: 'h' : unreferenced local variable
     1>C:\Users\tdqua_000\Desktop\MyLab\parmetis-4.0.2\libparmetis\gkmetis.c(29): warning C4101: 'dbglvl' : unreferenced local variable
     1>C:\Users\tdqua_000\Desktop\MyLab\parmetis-4.0.2\libparmetis\gkmetis.c(29): warning C4101: 'seed' : unreferenced local variable
         gkmpi.c
         graph.c
     1>C:\Users\tdqua_000\Desktop\MyLab\parmetis-4.0.2\libparmetis\graph.c(69): warning C4244: '=' : conversion from 'double' to 'real_t', possible loss of data
     1>C:\Users\tdqua_000\Desktop\MyLab\parmetis-4.0.2\libparmetis\graph.c(28): warning C4101: 'i' : unreferenced local variable
     1>C:\Users\tdqua_000\Desktop\MyLab\parmetis-4.0.2\libparmetis\graph.c(28): warning C4101: 'j' : unreferenced local variable
         initbalance.c
     1>C:\Users\tdqua_000\Desktop\MyLab\parmetis-4.0.2\libparmetis\initbalance.c(149): warning C4244: '=' : conversion from 'double' to 'real_t', possible loss of data
     1>C:\Users\tdqua_000\Desktop\MyLab\parmetis-4.0.2\libparmetis\initbalance.c(188): warning C4244: '=' : conversion from 'double' to 'real_t', possible loss of data
     1>C:\Users\tdqua_000\Desktop\MyLab\parmetis-4.0.2\libparmetis\initbalance.c(312): warning C4244: '=' : conversion from 'double' to 'real_t', possible loss of data
         initmsection.c
         initpart.c
     1>C:\Users\tdqua_000\Desktop\MyLab\parmetis-4.0.2\libparmetis\initpart.c(88): warning C4244: '=' : conversion from 'double' to 'real_t', possible loss of data
     1>C:\Users\tdqua_000\Desktop\MyLab\parmetis-4.0.2\libparmetis\initpart.c(130): warning C4244: '=' : conversion from 'double' to 'real_t', possible loss of data
         kmetis.c
     1>C:\Users\tdqua_000\Desktop\MyLab\parmetis-4.0.2\libparmetis\kmetis.c(27): warning C4101: 'h' : unreferenced local variable
     1>C:\Users\tdqua_000\Desktop\MyLab\parmetis-4.0.2\libparmetis\kmetis.c(27): warning C4101: 'i' : unreferenced local variable
     1>C:\Users\tdqua_000\Desktop\MyLab\parmetis-4.0.2\libparmetis\kmetis.c(27): warning C4101: 'dbglvl' : unreferenced local variable
     1>C:\Users\tdqua_000\Desktop\MyLab\parmetis-4.0.2\libparmetis\kmetis.c(27): warning C4101: 'seed' : unreferenced local variable
         kwayrefine.c
     1>C:\Users\tdqua_000\Desktop\MyLab\parmetis-4.0.2\libparmetis\kwayrefine.c(524): warning C4244: '=' : conversion from 'double' to 'real_t', possible loss of data
     1>C:\Users\tdqua_000\Desktop\MyLab\parmetis-4.0.2\libparmetis\kwayrefine.c(569): warning C4244: '=' : conversion from 'double' to 'real_t', possible loss of data
         match.c
     1>C:\Users\tdqua_000\Desktop\MyLab\parmetis-4.0.2\libparmetis\match.c(39): warning C4244: '=' : conversion from 'double' to 'real_t', possible loss of data
     1>C:\Users\tdqua_000\Desktop\MyLab\parmetis-4.0.2\libparmetis\match.c(360): warning C4244: '=' : conversion from 'double' to 'real_t', possible loss of data
         mdiffusion.c
     1>C:\Users\tdqua_000\Desktop\MyLab\parmetis-4.0.2\libparmetis\mdiffusion.c(111): warning C4244: '=' : conversion from 'double' to 'real_t', possible loss of data
     1>C:\Users\tdqua_000\Desktop\MyLab\parmetis-4.0.2\libparmetis\mdiffusion.c(113): warning C4305: 'function' : truncation from 'double' to 'real_t'
     1>C:\Users\tdqua_000\Desktop\MyLab\parmetis-4.0.2\libparmetis\mdiffusion.c(192): warning C4244: '=' : conversion from 'double' to 'real_t', possible loss of data
     1>C:\Users\tdqua_000\Desktop\MyLab\parmetis-4.0.2\libparmetis\mdiffusion.c(221): warning C4244: 'function' : conversion from 'double' to 'real_t', possible loss of data
         mesh.c
         Generating Code...
         Compiling...
         mmetis.c
     1>C:\Users\tdqua_000\Desktop\MyLab\parmetis-4.0.2\libparmetis\mmetis.c(28): warning C4101: 'i' : unreferenced local variable
     1>C:\Users\tdqua_000\Desktop\MyLab\parmetis-4.0.2\libparmetis\mmetis.c(28): warning C4101: 'gnedges' : unreferenced local variable
         move.c
         msetup.c
         node_refine.c
     1>C:\Users\tdqua_000\Desktop\MyLab\parmetis-4.0.2\libparmetis\node_refine.c(29): warning C4101: 'myrinfo' : unreferenced local variable
     1>C:\Users\tdqua_000\Desktop\MyLab\parmetis-4.0.2\libparmetis\node_refine.c(29): warning C4101: 'rinfo' : unreferenced local variable
     1>C:\Users\tdqua_000\Desktop\MyLab\parmetis-4.0.2\libparmetis\node_refine.c(67): warning C4101: 'otherwgt' : unreferenced local variable
     1>C:\Users\tdqua_000\Desktop\MyLab\parmetis-4.0.2\libparmetis\node_refine.c(138): warning C4101: 'otherwgt' : unreferenced local variable
     1>C:\Users\tdqua_000\Desktop\MyLab\parmetis-4.0.2\libparmetis\node_refine.c(275): warning C4244: '=' : conversion from 'real_t' to 'idx_t', possible loss of data
     1>C:\Users\tdqua_000\Desktop\MyLab\parmetis-4.0.2\libparmetis\node_refine.c(325): warning C4244: 'function' : conversion from 'idx_t' to 'real_t', possible loss of data
     1>C:\Users\tdqua_000\Desktop\MyLab\parmetis-4.0.2\libparmetis\node_refine.c(366): warning C4244: 'function' : conversion from 'idx_t' to 'real_t', possible loss of data
     1>C:\Users\tdqua_000\Desktop\MyLab\parmetis-4.0.2\libparmetis\node_refine.c(376): warning C4244: 'function' : conversion from 'idx_t' to 'real_t', possible loss of data
     1>C:\Users\tdqua_000\Desktop\MyLab\parmetis-4.0.2\libparmetis\node_refine.c(678): warning C4305: 'function' : truncation from 'double' to 'real_t'
     1>C:\Users\tdqua_000\Desktop\MyLab\parmetis-4.0.2\libparmetis\node_refine.c(578): warning C4101: 'k' : unreferenced local variable
         ometis.c
     1>C:\Users\tdqua_000\Desktop\MyLab\parmetis-4.0.2\libparmetis\ometis.c(144): warning C4244: '=' : conversion from 'double' to 'real_t', possible loss of data
     1>C:\Users\tdqua_000\Desktop\MyLab\parmetis-4.0.2\libparmetis\ometis.c(228): warning C4244: '=' : conversion from 'double' to 'idx_t', possible loss of data
     1>C:\Users\tdqua_000\Desktop\MyLab\parmetis-4.0.2\libparmetis\ometis.c(282): warning C4101: 'imap' : unreferenced local variable
         pspases.c
         redomylink.c
     1>C:\Users\tdqua_000\Desktop\MyLab\parmetis-4.0.2\libparmetis\redomylink.c(76): warning C4244: '=' : conversion from 'double' to 'real_t', possible loss of data
     1>C:\Users\tdqua_000\Desktop\MyLab\parmetis-4.0.2\libparmetis\redomylink.c(127): warning C4305: 'function' : truncation from 'double' to 'real_t'
     1>C:\Users\tdqua_000\Desktop\MyLab\parmetis-4.0.2\libparmetis\redomylink.c(134): warning C4244: '=' : conversion from 'double' to 'real_t', possible loss of data
     1>C:\Users\tdqua_000\Desktop\MyLab\parmetis-4.0.2\libparmetis\redomylink.c(136): warning C4244: '=' : conversion from 'double' to 'real_t', possible loss of data
         remap.c
         renumber.c
         rmetis.c
         selectq.c
     1>C:\Users\tdqua_000\Desktop\MyLab\parmetis-4.0.2\libparmetis\selectq.c(45): warning C4244: '=' : conversion from 'double' to 'real_t', possible loss of data
         serial.c
     1>C:\Users\tdqua_000\Desktop\MyLab\parmetis-4.0.2\libparmetis\serial.c(560): warning C4244: '=' : conversion from 'double' to 'idx_t', possible loss of data
     1>C:\Users\tdqua_000\Desktop\MyLab\parmetis-4.0.2\libparmetis\serial.c(587): warning C4244: '=' : conversion from 'double' to 'real_t', possible loss of data
     1>C:\Users\tdqua_000\Desktop\MyLab\parmetis-4.0.2\libparmetis\serial.c(618): warning C4244: '=' : conversion from 'double' to 'real_t', possible loss of data
     1>C:\Users\tdqua_000\Desktop\MyLab\parmetis-4.0.2\libparmetis\serial.c(790): warning C4244: '=' : conversion from 'double' to 'real_t', possible loss of data
     1>C:\Users\tdqua_000\Desktop\MyLab\parmetis-4.0.2\libparmetis\serial.c(808): warning C4244: '=' : conversion from 'double' to 'real_t', possible loss of data
     1>C:\Users\tdqua_000\Desktop\MyLab\parmetis-4.0.2\libparmetis\serial.c(811): warning C4244: 'return' : conversion from 'double' to 'real_t', possible loss of data
     1>C:\Users\tdqua_000\Desktop\MyLab\parmetis-4.0.2\libparmetis\serial.c(855): warning C4244: '=' : conversion from 'double' to 'idx_t', possible loss of data
     1>C:\Users\tdqua_000\Desktop\MyLab\parmetis-4.0.2\libparmetis\serial.c(890): warning C4244: '=' : conversion from 'double' to 'real_t', possible loss of data
     1>C:\Users\tdqua_000\Desktop\MyLab\parmetis-4.0.2\libparmetis\serial.c(924): warning C4244: '=' : conversion from 'double' to 'real_t', possible loss of data
     1>C:\Users\tdqua_000\Desktop\MyLab\parmetis-4.0.2\libparmetis\serial.c(821): warning C4101: 'ii' : unreferenced local variable
     1>C:\Users\tdqua_000\Desktop\MyLab\parmetis-4.0.2\libparmetis\serial.c(1019): warning C4101: 'ii' : unreferenced local variable
         stat.c
     1>C:\Users\tdqua_000\Desktop\MyLab\parmetis-4.0.2\libparmetis\stat.c(48): warning C4244: '=' : conversion from 'double' to 'real_t', possible loss of data
         timer.c
         util.c
     1>C:\Users\tdqua_000\Desktop\MyLab\parmetis-4.0.2\libparmetis\util.c(245): warning C4244: '+=' : conversion from 'double' to 'real_t', possible loss of data
     1>C:\Users\tdqua_000\Desktop\MyLab\parmetis-4.0.2\libparmetis\util.c(268): warning C4244: '=' : conversion from 'double' to 'real_t', possible loss of data
     1>C:\Users\tdqua_000\Desktop\MyLab\parmetis-4.0.2\libparmetis\util.c(269): warning C4244: '=' : conversion from 'double' to 'real_t', possible loss of data
     1>C:\Users\tdqua_000\Desktop\MyLab\parmetis-4.0.2\libparmetis\util.c(273): warning C4244: '+=' : conversion from 'double' to 'real_t', possible loss of data
     1>C:\Users\tdqua_000\Desktop\MyLab\parmetis-4.0.2\libparmetis\util.c(274): warning C4244: '+=' : conversion from 'double' to 'real_t', possible loss of data
         wave.c
     1>C:\Users\tdqua_000\Desktop\MyLab\parmetis-4.0.2\libparmetis\wave.c(44): warning C4305: '=' : truncation from 'double' to 'real_t'
     1>C:\Users\tdqua_000\Desktop\MyLab\parmetis-4.0.2\libparmetis\wave.c(45): warning C4244: '=' : conversion from 'double' to 'real_t', possible loss of data
     1>C:\Users\tdqua_000\Desktop\MyLab\parmetis-4.0.2\libparmetis\wave.c(46): warning C4244: '=' : conversion from 'double' to 'real_t', possible loss of data
     1>C:\Users\tdqua_000\Desktop\MyLab\parmetis-4.0.2\libparmetis\wave.c(47): warning C4244: '=' : conversion from 'double' to 'real_t', possible loss of data
     1>C:\Users\tdqua_000\Desktop\MyLab\parmetis-4.0.2\libparmetis\wave.c(123): warning C4305: 'function' : truncation from 'double' to 'real_t'
         weird.c
         wspace.c
     1>C:\Users\tdqua_000\Desktop\MyLab\parmetis-4.0.2\libparmetis\wspace.c(99): warning C4018: '>=' : signed/unsigned mismatch
         xyzpart.c
     1>C:\Users\tdqua_000\Desktop\MyLab\parmetis-4.0.2\libparmetis\xyzpart.c(107): warning C4244: '=' : conversion from 'double' to 'real_t', possible loss of data
     1>C:\Users\tdqua_000\Desktop\MyLab\parmetis-4.0.2\libparmetis\xyzpart.c(155): warning C4244: '=' : conversion from 'double' to 'real_t', possible loss of data
     1>C:\Users\tdqua_000\Desktop\MyLab\parmetis-4.0.2\libparmetis\xyzpart.c(77): warning C4101: 'vtxdist' : unreferenced local variable
     1>C:\Users\tdqua_000\Desktop\MyLab\parmetis-4.0.2\libparmetis\xyzpart.c(221): warning C4244: '=' : conversion from 'double' to 'real_t', possible loss of data
     1>C:\Users\tdqua_000\Desktop\MyLab\parmetis-4.0.2\libparmetis\xyzpart.c(275): warning C4244: '=' : conversion from 'double' to 'real_t', possible loss of data
     1>C:\Users\tdqua_000\Desktop\MyLab\parmetis-4.0.2\libparmetis\xyzpart.c(185): warning C4101: 'vtxdist' : unreferenced local variable
         Generating Code...
       Lib:
         C:\Program Files (x86)\Microsoft Visual Studio 10.0\VC\bin\Lib.exe /OUT:"C:\Users\tdqua_000\Desktop\MyLab\ParMetis\libparmetis\Debug\parmetis.lib" /NOLOGO parmetis.dir\Debug\akwayfm.obj
         parmetis.dir\Debug\ametis.obj
         parmetis.dir\Debug\balancemylink.obj
         parmetis.dir\Debug\comm.obj
         parmetis.dir\Debug\csrmatch.obj
         parmetis.dir\Debug\ctrl.obj
         parmetis.dir\Debug\debug.obj
         parmetis.dir\Debug\diffutil.obj
         parmetis.dir\Debug\frename.obj
         parmetis.dir\Debug\gkmetis.obj
         parmetis.dir\Debug\gkmpi.obj
         parmetis.dir\Debug\graph.obj
         parmetis.dir\Debug\initbalance.obj
         parmetis.dir\Debug\initmsection.obj
         parmetis.dir\Debug\initpart.obj
         parmetis.dir\Debug\kmetis.obj
         parmetis.dir\Debug\kwayrefine.obj
         parmetis.dir\Debug\match.obj
         parmetis.dir\Debug\mdiffusion.obj
         parmetis.dir\Debug\mesh.obj
         parmetis.dir\Debug\mmetis.obj
         parmetis.dir\Debug\move.obj
         parmetis.dir\Debug\msetup.obj
         parmetis.dir\Debug\node_refine.obj
         parmetis.dir\Debug\ometis.obj
         parmetis.dir\Debug\pspases.obj
         parmetis.dir\Debug\redomylink.obj
         parmetis.dir\Debug\remap.obj
         parmetis.dir\Debug\renumber.obj
         parmetis.dir\Debug\rmetis.obj
         parmetis.dir\Debug\selectq.obj
         parmetis.dir\Debug\serial.obj
         parmetis.dir\Debug\stat.obj
         parmetis.dir\Debug\timer.obj
         parmetis.dir\Debug\util.obj
         parmetis.dir\Debug\wave.obj
         parmetis.dir\Debug\weird.obj
         parmetis.dir\Debug\wspace.obj
         parmetis.dir\Debug\xyzpart.obj
         "..\..\..\..\..\..\Program Files (x86)\MPICH2\lib\cxx.lib"
         "..\..\..\..\..\..\Program Files (x86)\MPICH2\lib\cxxd.lib"
         "..\..\..\..\..\..\Program Files (x86)\MPICH2\lib\fmpe.lib"
         "..\..\..\..\..\..\Program Files (x86)\MPICH2\lib\fmpich2.lib"
         "..\..\..\..\..\..\Program Files (x86)\MPICH2\lib\fmpich2g.lib"
         "..\..\..\..\..\..\Program Files (x86)\MPICH2\lib\fmpich2s.lib"
         "..\..\..\..\..\..\Program Files (x86)\MPICH2\lib\mpe.lib"
         "..\..\..\..\..\..\Program Files (x86)\MPICH2\lib\mpi.lib"
     1>cxxd.lib(initcxx1.obj) : warning LNK4006: "void __cdecl MPI::Init(void)" (?Init@MPI@@YAXXZ) already defined in cxx.lib(initcxx1.obj); second definition ignored
     1>cxxd.lib(initcxx1.obj) : warning LNK4006: "void __cdecl MPI::Init(int &,char * * &)" (?Init@MPI@@YAXAAHAAPAPAD@Z) already defined in cxx.lib(initcxx1.obj); second definition ignored
     1>cxxd.lib(initcxx1.obj) : warning LNK4006: "int __cdecl MPI::Init_thread(int)" (?Init_thread@MPI@@YAHH@Z) already defined in cxx.lib(initcxx1.obj); second definition ignored
     1>cxxd.lib(initcxx1.obj) : warning LNK4006: "int __cdecl MPI::Init_thread(int &,char * * &,int)" (?Init_thread@MPI@@YAHAAHAAPAPADH@Z) already defined in cxx.lib(initcxx1.obj); second definition ignored
     1>cxxd.lib(initcxx1.obj) : warning LNK4006: "void __cdecl MPI::Finalize(void)" (?Finalize@MPI@@YAXXZ) already defined in cxx.lib(initcxx1.obj); second definition ignored
     1>cxxd.lib(initcxx1.obj) : warning LNK4006: "bool __cdecl MPI::Is_initialized(void)" (?Is_initialized@MPI@@YA_NXZ) already defined in cxx.lib(initcxx1.obj); second definition ignored
     1>cxxd.lib(initcxx1.obj) : warning LNK4006: "void __cdecl MPI::Compute_dims(int,int,int *)" (?Compute_dims@MPI@@YAXHHPAH@Z) already defined in cxx.lib(initcxx1.obj); second definition ignored
     1>cxxd.lib(initcxx1.obj) : warning LNK4006: "void __cdecl MPI::Attach_buffer(void *,int)" (?Attach_buffer@MPI@@YAXPAXH@Z) already defined in cxx.lib(initcxx1.obj); second definition ignored
     1>cxxd.lib(initcxx1.obj) : warning LNK4006: "int __cdecl MPI::Detach_buffer(void * &)" (?Detach_buffer@MPI@@YAHAAPAX@Z) already defined in cxx.lib(initcxx1.obj); second definition ignored
     1>cxxd.lib(initcxx1.obj) : warning LNK4006: "void __cdecl MPI::Get_processor_name(char *,int &)" (?Get_processor_name@MPI@@YAXPADAAH@Z) already defined in cxx.lib(initcxx1.obj); second definition ignored
     1>cxxd.lib(initcxx1.obj) : warning LNK4006: "void __cdecl MPI::Pcontrol(int,...)" (?Pcontrol@MPI@@YAXHZZ) already defined in cxx.lib(initcxx1.obj); second definition ignored
     1>cxxd.lib(initcxx1.obj) : warning LNK4006: "int __cdecl MPI::Get_error_class(int)" (?Get_error_class@MPI@@YAHH@Z) already defined in cxx.lib(initcxx1.obj); second definition ignored
     1>cxxd.lib(initcxx1.obj) : warning LNK4006: "void __cdecl MPI::Get_error_string(int,char *,int &)" (?Get_error_string@MPI@@YAXHPADAAH@Z) already defined in cxx.lib(initcxx1.obj); second definition ignored
     1>cxxd.lib(initcxx1.obj) : warning LNK4006: "int __cdecl MPI::Get_address(void *)" (?Get_address@MPI@@YAHPAX@Z) already defined in cxx.lib(initcxx1.obj); second definition ignored
     1>cxxd.lib(initcxx1.obj) : warning LNK4006: "void * __cdecl MPI::Alloc_mem(int,class MPI::Info const &)" (?Alloc_mem@MPI@@YAPAXHABVInfo@1@@Z) already defined in cxx.lib(initcxx1.obj); second definition ignored
     1>cxxd.lib(initcxx1.obj) : warning LNK4006: "void __cdecl MPI::Free_mem(void *)" (?Free_mem@MPI@@YAXPAX@Z) already defined in cxx.lib(initcxx1.obj); second definition ignored
     1>cxxd.lib(initcxx1.obj) : warning LNK4006: _MPIR_Call_op_fn already defined in cxx.lib(initcxx1.obj); second definition ignored
     1>cxxd.lib(initcxx1.obj) : warning LNK4006: "public: void __thiscall MPI::Op::Init(void (__cdecl*)(void const *,void *,int,class MPI::Datatype const &),bool)" (?Init@Op@MPI@@QAEXP6AXPBXPAXHABVDatatype@2@@Z_N@Z) already defined in cxx.lib(initcxx1.obj); second definition ignored
     1>cxxd.lib(initcxx1.obj) : warning LNK4006: _MPIR_Call_delfn already defined in cxx.lib(initcxx1.obj); second definition ignored
     1>cxxd.lib(initcxx1.obj) : warning LNK4006: _MPIR_Call_copyfn already defined in cxx.lib(initcxx1.obj); second definition ignored
     1>cxxd.lib(initcxx1.obj) : warning LNK4006: "public: static int __cdecl MPI::Comm::Create_keyval(int (__cdecl*)(class MPI::Comm const &,int,void *,void *,void *,bool &),int (__cdecl*)(class MPI::Comm &,int,void *,void *),void *)" (?Create_keyval@Comm@MPI@@SAHP6AHABV12@HPAX11AA_N@ZP6AHAAV12@H11@Z1@Z) already defined in cxx.lib(initcxx1.obj); second definition ignored
     1>cxxd.lib(initcxx1.obj) : warning LNK4006: "public: static int __cdecl MPI::Datatype::Create_keyval(int (__cdecl*)(class MPI::Datatype const &,int,void *,void *,void *,bool &),int (__cdecl*)(class MPI::Datatype &,int,void *,void *),void *)" (?Create_keyval@Datatype@MPI@@SAHP6AHABV12@HPAX11AA_N@ZP6AHAAV12@H11@Z1@Z) already defined in cxx.lib(initcxx1.obj); second definition ignored
     1>cxxd.lib(initcxx1.obj) : warning LNK4006: "public: static int __cdecl MPI::Win::Create_keyval(int (__cdecl*)(class MPI::Win const &,int,void *,void *,void *,bool &),int (__cdecl*)(class MPI::Win &,int,void *,void *),void *)" (?Create_keyval@Win@MPI@@SAHP6AHABV12@HPAX11AA_N@ZP6AHAAV12@H11@Z1@Z) already defined in cxx.lib(initcxx1.obj); second definition ignored
     1>cxxd.lib(initcxx1.obj) : warning LNK4006: _MPIR_Call_errhandler_fn already defined in cxx.lib(initcxx1.obj); second definition ignored
     1>cxxd.lib(initcxx1.obj) : warning LNK4006: "public: static class MPI::Errhandler __cdecl MPI::File::Create_errhandler(void (__cdecl*)(class MPI::File &,int *,...))" (?Create_errhandler@File@MPI@@SA?AVErrhandler@2@P6AXAAV12@PAHZZ@Z) already defined in cxx.lib(initcxx1.obj); second definition ignored
     1>cxxd.lib(initcxx1.obj) : warning LNK4006: "public: static class MPI::Errhandler __cdecl MPI::Comm::Create_errhandler(void (__cdecl*)(class MPI::Comm &,int *,...))" (?Create_errhandler@Comm@MPI@@SA?AVErrhandler@2@P6AXAAV12@PAHZZ@Z) already defined in cxx.lib(initcxx1.obj); second definition ignored
     1>cxxd.lib(initcxx1.obj) : warning LNK4006: "public: static class MPI::Errhandler __cdecl MPI::Win::Create_errhandler(void (__cdecl*)(class MPI::Win &,int *,...))" (?Create_errhandler@Win@MPI@@SA?AVErrhandler@2@P6AXAAV12@PAHZZ@Z) already defined in cxx.lib(initcxx1.obj); second definition ignored
     1>cxxd.lib(initcxx1.obj) : warning LNK4006: _MPIR_Call_datarep_read_fn already defined in cxx.lib(initcxx1.obj); second definition ignored
     1>cxxd.lib(initcxx1.obj) : warning LNK4006: _MPIR_Call_datarep_write_fn already defined in cxx.lib(initcxx1.obj); second definition ignored
     1>cxxd.lib(initcxx1.obj) : warning LNK4006: _MPIR_Call_datarep_extent_fn already defined in cxx.lib(initcxx1.obj); second definition ignored
     1>cxxd.lib(initcxx1.obj) : warning LNK4006: "void __cdecl MPI::Register_datarep(char const *,int (__cdecl*)(void *,class MPI::Datatype &,int,void *,__int64,void *),int (__cdecl*)(void *,class MPI::Datatype &,int,void *,__int64,void *),int (__cdecl*)(class MPI::Datatype const &,int &,void *),void *)" (?Register_datarep@MPI@@YAXPBDP6AHPAXAAVDatatype@1@H1_J1@Z4P6AHABV21@AAH1@Z1@Z) already defined in cxx.lib(initcxx1.obj); second definition ignored
     1>cxxd.lib(initcxx1.obj) : warning LNK4006: "public: virtual void __thiscall MPI::Datatype::Pack(void const *,int,void *,int,int &,class MPI::Comm const &)const " (?Pack@Datatype@MPI@@UBEXPBXHPAXHAAHABVComm@2@@Z) already defined in cxx.lib(initcxx1.obj); second definition ignored
     1>cxxd.lib(initcxx1.obj) : warning LNK4006: "public: virtual int __thiscall MPI::Datatype::Pack_size(int,class MPI::Comm const &)const " (?Pack_size@Datatype@MPI@@UBEHHABVComm@2@@Z) already defined in cxx.lib(initcxx1.obj); second definition ignored
     1>cxxd.lib(initcxx1.obj) : warning LNK4006: "public: void __thiscall MPI::Datatype::Unpack(void const *,int,void *,int,int &,class MPI::Comm const &)const " (?Unpack@Datatype@MPI@@QBEXPBXHPAXHAAHABVComm@2@@Z) already defined in cxx.lib(initcxx1.obj); second definition ignored
     1>cxxd.lib(initcxx1.obj) : warning LNK4006: "double __cdecl MPI::Wtime(void)" (?Wtime@MPI@@YANXZ) already defined in cxx.lib(initcxx1.obj); second definition ignored
     1>cxxd.lib(initcxx1.obj) : warning LNK4006: "double __cdecl MPI::Wtick(void)" (?Wtick@MPI@@YANXZ) already defined in cxx.lib(initcxx1.obj); second definition ignored
     1>cxxd.lib(initcxx1.obj) : warning LNK4006: "public: virtual class MPI::Cartcomm __thiscall MPI::Intracomm::Create_cart(int,int const *,bool const * const,bool)const " (?Create_cart@Intracomm@MPI@@UBE?AVCartcomm@2@HPBHQB_N_N@Z) already defined in cxx.lib(initcxx1.obj); second definition ignored
     1>cxxd.lib(initcxx1.obj) : warning LNK4006: "public: virtual class MPI::Graphcomm __thiscall MPI::Intracomm::Create_graph(int,int const *,int const *,bool)const " (?Create_graph@Intracomm@MPI@@UBE?AVGraphcomm@2@HPBH0_N@Z) already defined in cxx.lib(initcxx1.obj); second definition ignored
     1>cxxd.lib(initcxx1.obj) : warning LNK4006: "public: virtual class MPI::Intracomm __thiscall MPI::Intercomm::Merge(bool)const " (?Merge@Intercomm@MPI@@UBE?AVIntracomm@2@_N@Z) already defined in cxx.lib(initcxx1.obj); second definition ignored
     1>cxxd.lib(initcxx1.obj) : warning LNK4006: "bool __cdecl MPI::Is_finalized(void)" (?Is_finalized@MPI@@YA_NXZ) already defined in cxx.lib(initcxx1.obj); second definition ignored
     1>cxxd.lib(initcxx1.obj) : warning LNK4006: "int __cdecl MPI::Query_thread(void)" (?Query_thread@MPI@@YAHXZ) already defined in cxx.lib(initcxx1.obj); second definition ignored
     1>cxxd.lib(initcxx1.obj) : warning LNK4006: "bool __cdecl MPI::Is_thread_main(void)" (?Is_thread_main@MPI@@YA_NXZ) already defined in cxx.lib(initcxx1.obj); second definition ignored
     1>cxxd.lib(initcxx1.obj) : warning LNK4006: "void __cdecl MPI::Get_version(int &,int &)" (?Get_version@MPI@@YAXAAH0@Z) already defined in cxx.lib(initcxx1.obj); second definition ignored
     1>cxxd.lib(initcxx1.obj) : warning LNK4006: "int __cdecl MPI::Add_error_class(void)" (?Add_error_class@MPI@@YAHXZ) already defined in cxx.lib(initcxx1.obj); second definition ignored
     1>cxxd.lib(initcxx1.obj) : warning LNK4006: "int __cdecl MPI::Add_error_code(int)" (?Add_error_code@MPI@@YAHH@Z) already defined in cxx.lib(initcxx1.obj); second definition ignored
     1>cxxd.lib(initcxx1.obj) : warning LNK4006: "void __cdecl MPI::Add_error_string(int,char const *)" (?Add_error_string@MPI@@YAXHPBD@Z) already defined in cxx.lib(initcxx1.obj); second definition ignored
     1>cxxd.lib(initcxx1.obj) : warning LNK4006: "void __cdecl MPI::Lookup_name(char const *,class MPI::Info const &,char *)" (?Lookup_name@MPI@@YAXPBDABVInfo@1@PAD@Z) already defined in cxx.lib(initcxx1.obj); second definition ignored
     1>cxxd.lib(initcxx1.obj) : warning LNK4006: "void __cdecl MPI::Publish_name(char const *,class MPI::Info const &,char const *)" (?Publish_name@MPI@@YAXPBDABVInfo@1@0@Z) already defined in cxx.lib(initcxx1.obj); second definition ignored
     1>cxxd.lib(initcxx1.obj) : warning LNK4006: "void __cdecl MPI::Unpublish_name(char const *,class MPI::Info const &,char const *)" (?Unpublish_name@MPI@@YAXPBDABVInfo@1@0@Z) already defined in cxx.lib(initcxx1.obj); second definition ignored
     1>cxxd.lib(initcxx1.obj) : warning LNK4006: "public: static class MPI::Intercomm __cdecl MPI::Comm::Get_parent(void)" (?Get_parent@Comm@MPI@@SA?AVIntercomm@2@XZ) already defined in cxx.lib(initcxx1.obj); second definition ignored
     1>cxxd.lib(initcxx1.obj) : warning LNK4006: "public: static class MPI::Intercomm __cdecl MPI::Comm::Join(int)" (?Join@Comm@MPI@@SA?AVIntercomm@2@H@Z) already defined in cxx.lib(initcxx1.obj); second definition ignored
     1>cxxd.lib(initcxx1.obj) : warning LNK4006: "void __cdecl MPI::Close_port(char const *)" (?Close_port@MPI@@YAXPBD@Z) already defined in cxx.lib(initcxx1.obj); second definition ignored
     1>cxxd.lib(initcxx1.obj) : warning LNK4006: "void __cdecl MPI::Open_port(class MPI::Info const &,char *)" (?Open_port@MPI@@YAXABVInfo@1@PAD@Z) already defined in cxx.lib(initcxx1.obj); second definition ignored
     1>cxxd.lib(initcxx1.obj) : warning LNK4006: _MPIR_Grequest_call_query_fn already defined in cxx.lib(initcxx1.obj); second definition ignored
     1>cxxd.lib(initcxx1.obj) : warning LNK4006: _MPIR_Grequest_call_free_fn already defined in cxx.lib(initcxx1.obj); second definition ignored
     1>cxxd.lib(initcxx1.obj) : warning LNK4006: _MPIR_Grequest_call_cancel_fn already defined in cxx.lib(initcxx1.obj); second definition ignored
     1>cxxd.lib(initcxx1.obj) : warning LNK4006: "public: class MPI::Grequest __thiscall MPI::Grequest::Start(int (__cdecl*)(void *,class MPI::Status &),int (__cdecl*)(void *),int (__cdecl*)(void *,bool),void *)" (?Start@Grequest@MPI@@QAE?AV12@P6AHPAXAAVStatus@2@@ZP6AH0@ZP6AH0_N@Z0@Z) already defined in cxx.lib(initcxx1.obj); second definition ignored
     1>cxxd.lib(initcxx1.obj) : warning LNK4006: "void __cdecl MPI::MPIR_CXX_InitDatatypeNames(void)" (?MPIR_CXX_InitDatatypeNames@MPI@@YAXXZ) already defined in cxx.lib(initcxx1.obj); second definition ignored
     1>cxxd.lib(initcxx1.obj) : warning LNK4006: "int const MPI::BSEND_OVERHEAD" (?BSEND_OVERHEAD@MPI@@3HB) already defined in cxx.lib(initcxx1.obj); second definition ignored
     1>cxxd.lib(initcxx1.obj) : warning LNK4006: "int const MPI::KEYVAL_INVALID" (?KEYVAL_INVALID@MPI@@3HB) already defined in cxx.lib(initcxx1.obj); second definition ignored
     1>cxxd.lib(initcxx1.obj) : warning LNK4006: "int const MPI::CART" (?CART@MPI@@3HB) already defined in cxx.lib(initcxx1.obj); second definition ignored
     1>cxxd.lib(initcxx1.obj) : warning LNK4006: "int const MPI::GRAPH" (?GRAPH@MPI@@3HB) already defined in cxx.lib(initcxx1.obj); second definition ignored
     1>cxxd.lib(initcxx1.obj) : warning LNK4006: "int const MPI::IDENT" (?IDENT@MPI@@3HB) already defined in cxx.lib(initcxx1.obj); second definition ignored
     1>cxxd.lib(initcxx1.obj) : warning LNK4006: "int const MPI::SIMILAR" (?SIMILAR@MPI@@3HB) already defined in cxx.lib(initcxx1.obj); second definition ignored
     1>cxxd.lib(initcxx1.obj) : warning LNK4006: "int const MPI::CONGRUENT" (?CONGRUENT@MPI@@3HB) already defined in cxx.lib(initcxx1.obj); second definition ignored
     1>cxxd.lib(initcxx1.obj) : warning LNK4006: "int const MPI::UNEQUAL" (?UNEQUAL@MPI@@3HB) already defined in cxx.lib(initcxx1.obj); second definition ignored
     1>cxxd.lib(initcxx1.obj) : warning LNK4006: "int const MPI::PROC_NULL" (?PROC_NULL@MPI@@3HB) already defined in cxx.lib(initcxx1.obj); second definition ignored
     1>cxxd.lib(initcxx1.obj) : warning LNK4006: "int const MPI::ANY_TAG" (?ANY_TAG@MPI@@3HB) already defined in cxx.lib(initcxx1.obj); second definition ignored
     1>cxxd.lib(initcxx1.obj) : warning LNK4006: "int const MPI::ANY_SOURCE" (?ANY_SOURCE@MPI@@3HB) already defined in cxx.lib(initcxx1.obj); second definition ignored
     1>cxxd.lib(initcxx1.obj) : warning LNK4006: "int const MPI::ROOT" (?ROOT@MPI@@3HB) already defined in cxx.lib(initcxx1.obj); second definition ignored
     1>cxxd.lib(initcxx1.obj) : warning LNK4006: "int const MPI::TAG_UB" (?TAG_UB@MPI@@3HB) already defined in cxx.lib(initcxx1.obj); second definition ignored
     1>cxxd.lib(initcxx1.obj) : warning LNK4006: "int const MPI::IO" (?IO@MPI@@3HB) already defined in cxx.lib(initcxx1.obj); second definition ignored
     1>cxxd.lib(initcxx1.obj) : warning LNK4006: "int const MPI::HOST" (?HOST@MPI@@3HB) already defined in cxx.lib(initcxx1.obj); second definition ignored
     1>cxxd.lib(initcxx1.obj) : warning LNK4006: "int const MPI::WTIME_IS_GLOBAL" (?WTIME_IS_GLOBAL@MPI@@3HB) already defined in cxx.lib(initcxx1.obj); second definition ignored
     1>cxxd.lib(initcxx1.obj) : warning LNK4006: "int const MPI::UNIVERSE_SIZE" (?UNIVERSE_SIZE@MPI@@3HB) already defined in cxx.lib(initcxx1.obj); second definition ignored
     1>cxxd.lib(initcxx1.obj) : warning LNK4006: "int const MPI::LASTUSEDCODE" (?LASTUSEDCODE@MPI@@3HB) already defined in cxx.lib(initcxx1.obj); second definition ignored
     1>cxxd.lib(initcxx1.obj) : warning LNK4006: "int const MPI::APPNUM" (?APPNUM@MPI@@3HB) already defined in cxx.lib(initcxx1.obj); second definition ignored
     1>cxxd.lib(initcxx1.obj) : warning LNK4006: "int const MPI::MAX_PROCESSOR_NAME" (?MAX_PROCESSOR_NAME@MPI@@3HB) already defined in cxx.lib(initcxx1.obj); second definition ignored
     1>cxxd.lib(initcxx1.obj) : warning LNK4006: "int const MPI::MAX_ERROR_STRING" (?MAX_ERROR_STRING@MPI@@3HB) already defined in cxx.lib(initcxx1.obj); second definition ignored
     1>cxxd.lib(initcxx1.obj) : warning LNK4006: "int const MPI::MAX_NAME_STRING" (?MAX_NAME_STRING@MPI@@3HB) already defined in cxx.lib(initcxx1.obj); second definition ignored
     1>cxxd.lib(initcxx1.obj) : warning LNK4006: "int const MPI::MAX_PORT_NAME" (?MAX_PORT_NAME@MPI@@3HB) already defined in cxx.lib(initcxx1.obj); second definition ignored
     1>cxxd.lib(initcxx1.obj) : warning LNK4006: "int const MPI::MAX_OBJECT_NAME" (?MAX_OBJECT_NAME@MPI@@3HB) already defined in cxx.lib(initcxx1.obj); second definition ignored
     1>cxxd.lib(initcxx1.obj) : warning LNK4006: "int const MPI::MAX_INFO_VAL" (?MAX_INFO_VAL@MPI@@3HB) already defined in cxx.lib(initcxx1.obj); second definition ignored
     1>cxxd.lib(initcxx1.obj) : warning LNK4006: "int const MPI::MAX_INFO_KEY" (?MAX_INFO_KEY@MPI@@3HB) already defined in cxx.lib(initcxx1.obj); second definition ignored
     1>cxxd.lib(initcxx1.obj) : warning LNK4006: "int const MPI::UNDEFINED" (?UNDEFINED@MPI@@3HB) already defined in cxx.lib(initcxx1.obj); second definition ignored
     1>cxxd.lib(initcxx1.obj) : warning LNK4006: "int const MPI::LOCK_EXCLUSIVE" (?LOCK_EXCLUSIVE@MPI@@3HB) already defined in cxx.lib(initcxx1.obj); second definition ignored
     1>cxxd.lib(initcxx1.obj) : warning LNK4006: "int const MPI::LOCK_SHARED" (?LOCK_SHARED@MPI@@3HB) already defined in cxx.lib(initcxx1.obj); second definition ignored
     1>cxxd.lib(initcxx1.obj) : warning LNK4006: "int const MPI::WIN_BASE" (?WIN_BASE@MPI@@3HB) already defined in cxx.lib(initcxx1.obj); second definition ignored
     1>cxxd.lib(initcxx1.obj) : warning LNK4006: "int const MPI::WIN_DISP_UNIT" (?WIN_DISP_UNIT@MPI@@3HB) already defined in cxx.lib(initcxx1.obj); second definition ignored
     1>cxxd.lib(initcxx1.obj) : warning LNK4006: "int const MPI::WIN_SIZE" (?WIN_SIZE@MPI@@3HB) already defined in cxx.lib(initcxx1.obj); second definition ignored
     1>cxxd.lib(initcxx1.obj) : warning LNK4006: "int const MPI::SUCCESS" (?SUCCESS@MPI@@3HB) already defined in cxx.lib(initcxx1.obj); second definition ignored
     1>cxxd.lib(initcxx1.obj) : warning LNK4006: "int const MPI::ERR_BUFFER" (?ERR_BUFFER@MPI@@3HB) already defined in cxx.lib(initcxx1.obj); second definition ignored
     1>cxxd.lib(initcxx1.obj) : warning LNK4006: "int const MPI::ERR_COUNT" (?ERR_COUNT@MPI@@3HB) already defined in cxx.lib(initcxx1.obj); second definition ignored
     1>cxxd.lib(initcxx1.obj) : warning LNK4006: "int const MPI::ERR_TYPE" (?ERR_TYPE@MPI@@3HB) already defined in cxx.lib(initcxx1.obj); second definition ignored
     1>cxxd.lib(initcxx1.obj) : warning LNK4006: "int const MPI::ERR_TAG" (?ERR_TAG@MPI@@3HB) already defined in cxx.lib(initcxx1.obj); second definition ignored
     1>cxxd.lib(initcxx1.obj) : warning LNK4006: "int const MPI::ERR_COMM" (?ERR_COMM@MPI@@3HB) already defined in cxx.lib(initcxx1.obj); second definition ignored
     1>cxxd.lib(initcxx1.obj) : warning LNK4006: "int const MPI::ERR_RANK" (?ERR_RANK@MPI@@3HB) already defined in cxx.lib(initcxx1.obj); second definition ignored
     1>cxxd.lib(initcxx1.obj) : warning LNK4006: "int const MPI::ERR_REQUEST" (?ERR_REQUEST@MPI@@3HB) already defined in cxx.lib(initcxx1.obj); second definition ignored
     1>cxxd.lib(initcxx1.obj) : warning LNK4006: "int const MPI::ERR_ROOT" (?ERR_ROOT@MPI@@3HB) already defined in cxx.lib(initcxx1.obj); second definition ignored
     1>cxxd.lib(initcxx1.obj) : warning LNK4006: "int const MPI::ERR_GROUP" (?ERR_GROUP@MPI@@3HB) already defined in cxx.lib(initcxx1.obj); second definition ignored
     1>cxxd.lib(initcxx1.obj) : warning LNK4006: "int const MPI::ERR_OP" (?ERR_OP@MPI@@3HB) already defined in cxx.lib(initcxx1.obj); second definition ignored
     1>cxxd.lib(initcxx1.obj) : warning LNK4006: "int const MPI::ERR_TOPOLOGY" (?ERR_TOPOLOGY@MPI@@3HB) already defined in cxx.lib(initcxx1.obj); second definition ignored
     1>cxxd.lib(initcxx1.obj) : warning LNK4006: "int const MPI::ERR_DIMS" (?ERR_DIMS@MPI@@3HB) already defined in cxx.lib(initcxx1.obj); second definition ignored
     1>cxxd.lib(initcxx1.obj) : warning LNK4006: "int const MPI::ERR_ARG" (?ERR_ARG@MPI@@3HB) already defined in cxx.lib(initcxx1.obj); second definition ignored
     1>cxxd.lib(initcxx1.obj) : warning LNK4006: "int const MPI::ERR_UNKNOWN" (?ERR_UNKNOWN@MPI@@3HB) already defined in cxx.lib(initcxx1.obj); second definition ignored
     1>cxxd.lib(initcxx1.obj) : warning LNK4006: "int const MPI::ERR_TRUNCATE" (?ERR_TRUNCATE@MPI@@3HB) already defined in cxx.lib(initcxx1.obj); second definition ignored
     1>cxxd.lib(initcxx1.obj) : warning LNK4006: "int const MPI::ERR_OTHER" (?ERR_OTHER@MPI@@3HB) already defined in cxx.lib(initcxx1.obj); second definition ignored
     1>cxxd.lib(initcxx1.obj) : warning LNK4006: "int const MPI::ERR_INTERN" (?ERR_INTERN@MPI@@3HB) already defined in cxx.lib(initcxx1.obj); second definition ignored
     1>cxxd.lib(initcxx1.obj) : warning LNK4006: "int const MPI::ERR_PENDING" (?ERR_PENDING@MPI@@3HB) already defined in cxx.lib(initcxx1.obj); second definition ignored
     1>cxxd.lib(initcxx1.obj) : warning LNK4006: "int const MPI::ERR_IN_STATUS" (?ERR_IN_STATUS@MPI@@3HB) already defined in cxx.lib(initcxx1.obj); second definition ignored
     1>cxxd.lib(initcxx1.obj) : warning LNK4006: "int const MPI::ERR_LASTCODE" (?ERR_LASTCODE@MPI@@3HB) already defined in cxx.lib(initcxx1.obj); second definition ignored
     1>cxxd.lib(initcxx1.obj) : warning LNK4006: "int const MPI::ERR_FILE" (?ERR_FILE@MPI@@3HB) already defined in cxx.lib(initcxx1.obj); second definition ignored
     1>cxxd.lib(initcxx1.obj) : warning LNK4006: "int const MPI::ERR_ACCESS" (?ERR_ACCESS@MPI@@3HB) already defined in cxx.lib(initcxx1.obj); second definition ignored
     1>cxxd.lib(initcxx1.obj) : warning LNK4006: "int const MPI::ERR_AMODE" (?ERR_AMODE@MPI@@3HB) already defined in cxx.lib(initcxx1.obj); second definition ignored
     1>cxxd.lib(initcxx1.obj) : warning LNK4006: "int const MPI::ERR_BAD_FILE" (?ERR_BAD_FILE@MPI@@3HB) already defined in cxx.lib(initcxx1.obj); second definition ignored
     1>cxxd.lib(initcxx1.obj) : warning LNK4006: "int const MPI::ERR_FILE_EXISTS" (?ERR_FILE_EXISTS@MPI@@3HB) already defined in cxx.lib(initcxx1.obj); second definition ignored
     1>cxxd.lib(initcxx1.obj) : warning LNK4006: "int const MPI::ERR_FILE_IN_USE" (?ERR_FILE_IN_USE@MPI@@3HB) already defined in cxx.lib(initcxx1.obj); second definition ignored
     1>cxxd.lib(initcxx1.obj) : warning LNK4006: "int const MPI::ERR_NO_SPACE" (?ERR_NO_SPACE@MPI@@3HB) already defined in cxx.lib(initcxx1.obj); second definition ignored
     1>cxxd.lib(initcxx1.obj) : warning LNK4006: "int const MPI::ERR_NO_SUCH_FILE" (?ERR_NO_SUCH_FILE@MPI@@3HB) already defined in cxx.lib(initcxx1.obj); second definition ignored
     1>cxxd.lib(initcxx1.obj) : warning LNK4006: "int const MPI::ERR_IO" (?ERR_IO@MPI@@3HB) already defined in cxx.lib(initcxx1.obj); second definition ignored
     1>cxxd.lib(initcxx1.obj) : warning LNK4006: "int const MPI::ERR_READ_ONLY" (?ERR_READ_ONLY@MPI@@3HB) already defined in cxx.lib(initcxx1.obj); second definition ignored
     1>cxxd.lib(initcxx1.obj) : warning LNK4006: "int const MPI::ERR_CONVERSION" (?ERR_CONVERSION@MPI@@3HB) already defined in cxx.lib(initcxx1.obj); second definition ignored
     1>cxxd.lib(initcxx1.obj) : warning LNK4006: "int const MPI::ERR_DUP_DATAREP" (?ERR_DUP_DATAREP@MPI@@3HB) already defined in cxx.lib(initcxx1.obj); second definition ignored
     1>cxxd.lib(initcxx1.obj) : warning LNK4006: "int const MPI::ERR_UNSUPPORTED_DATAREP" (?ERR_UNSUPPORTED_DATAREP@MPI@@3HB) already defined in cxx.lib(initcxx1.obj); second definition ignored
     1>cxxd.lib(initcxx1.obj) : warning LNK4006: "int const MPI::ERR_INFO" (?ERR_INFO@MPI@@3HB) already defined in cxx.lib(initcxx1.obj); second definition ignored
     1>cxxd.lib(initcxx1.obj) : warning LNK4006: "int const MPI::ERR_INFO_KEY" (?ERR_INFO_KEY@MPI@@3HB) already defined in cxx.lib(initcxx1.obj); second definition ignored
     1>cxxd.lib(initcxx1.obj) : warning LNK4006: "int const MPI::ERR_INFO_VALUE" (?ERR_INFO_VALUE@MPI@@3HB) already defined in cxx.lib(initcxx1.obj); second definition ignored
     1>cxxd.lib(initcxx1.obj) : warning LNK4006: "int const MPI::ERR_INFO_NOKEY" (?ERR_INFO_NOKEY@MPI@@3HB) already defined in cxx.lib(initcxx1.obj); second definition ignored
     1>cxxd.lib(initcxx1.obj) : warning LNK4006: "int const MPI::ERR_NAME" (?ERR_NAME@MPI@@3HB) already defined in cxx.lib(initcxx1.obj); second definition ignored
     1>cxxd.lib(initcxx1.obj) : warning LNK4006: "int const MPI::ERR_NO_MEM" (?ERR_NO_MEM@MPI@@3HB) already defined in cxx.lib(initcxx1.obj); second definition ignored
     1>cxxd.lib(initcxx1.obj) : warning LNK4006: "int const MPI::ERR_NOT_SAME" (?ERR_NOT_SAME@MPI@@3HB) already defined in cxx.lib(initcxx1.obj); second definition ignored
     1>cxxd.lib(initcxx1.obj) : warning LNK4006: "int const MPI::ERR_PORT" (?ERR_PORT@MPI@@3HB) already defined in cxx.lib(initcxx1.obj); second definition ignored
     1>cxxd.lib(initcxx1.obj) : warning LNK4006: "int const MPI::ERR_QUOTA" (?ERR_QUOTA@MPI@@3HB) already defined in cxx.lib(initcxx1.obj); second definition ignored
     1>cxxd.lib(initcxx1.obj) : warning LNK4006: "int const MPI::ERR_SERVICE" (?ERR_SERVICE@MPI@@3HB) already defined in cxx.lib(initcxx1.obj); second definition ignored
     1>cxxd.lib(initcxx1.obj) : warning LNK4006: "int const MPI::ERR_SPAWN" (?ERR_SPAWN@MPI@@3HB) already defined in cxx.lib(initcxx1.obj); second definition ignored
     1>cxxd.lib(initcxx1.obj) : warning LNK4006: "int const MPI::ERR_UNSUPPORTED_OPERATION" (?ERR_UNSUPPORTED_OPERATION@MPI@@3HB) already defined in cxx.lib(initcxx1.obj); second definition ignored
     1>cxxd.lib(initcxx1.obj) : warning LNK4006: "int const MPI::ERR_WIN" (?ERR_WIN@MPI@@3HB) already defined in cxx.lib(initcxx1.obj); second definition ignored
     1>cxxd.lib(initcxx1.obj) : warning LNK4006: "int const MPI::ERR_BASE" (?ERR_BASE@MPI@@3HB) already defined in cxx.lib(initcxx1.obj); second definition ignored
     1>cxxd.lib(initcxx1.obj) : warning LNK4006: "int const MPI::ERR_LOCKTYPE" (?ERR_LOCKTYPE@MPI@@3HB) already defined in cxx.lib(initcxx1.obj); second definition ignored
     1>cxxd.lib(initcxx1.obj) : warning LNK4006: "int const MPI::ERR_KEYVAL" (?ERR_KEYVAL@MPI@@3HB) already defined in cxx.lib(initcxx1.obj); second definition ignored
     1>cxxd.lib(initcxx1.obj) : warning LNK4006: "int const MPI::ERR_RMA_CONFLICT" (?ERR_RMA_CONFLICT@MPI@@3HB) already defined in cxx.lib(initcxx1.obj); second definition ignored
     1>cxxd.lib(initcxx1.obj) : warning LNK4006: "int const MPI::ERR_RMA_SYNC" (?ERR_RMA_SYNC@MPI@@3HB) already defined in cxx.lib(initcxx1.obj); second definition ignored
     1>cxxd.lib(initcxx1.obj) : warning LNK4006: "int const MPI::ERR_SIZE" (?ERR_SIZE@MPI@@3HB) already defined in cxx.lib(initcxx1.obj); second definition ignored
     1>cxxd.lib(initcxx1.obj) : warning LNK4006: "int const MPI::ERR_DISP" (?ERR_DISP@MPI@@3HB) already defined in cxx.lib(initcxx1.obj); second definition ignored
     1>cxxd.lib(initcxx1.obj) : warning LNK4006: "int const MPI::ERR_ASSERT" (?ERR_ASSERT@MPI@@3HB) already defined in cxx.lib(initcxx1.obj); second definition ignored
     1>cxxd.lib(initcxx1.obj) : warning LNK4006: "int const MPI::SEEK_SET" (?SEEK_SET@MPI@@3HB) already defined in cxx.lib(initcxx1.obj); second definition ignored
     1>cxxd.lib(initcxx1.obj) : warning LNK4006: "int const MPI::SEEK_END" (?SEEK_END@MPI@@3HB) already defined in cxx.lib(initcxx1.obj); second definition ignored
     1>cxxd.lib(initcxx1.obj) : warning LNK4006: "int const MPI::SEEK_CUR" (?SEEK_CUR@MPI@@3HB) already defined in cxx.lib(initcxx1.obj); second definition ignored
     1>cxxd.lib(initcxx1.obj) : warning LNK4006: "int const MPI::DISTRIBUTE_BLOCK" (?DISTRIBUTE_BLOCK@MPI@@3HB) already defined in cxx.lib(initcxx1.obj); second definition ignored
     1>cxxd.lib(initcxx1.obj) : warning LNK4006: "int const MPI::DISTRIBUTE_CYCLIC" (?DISTRIBUTE_CYCLIC@MPI@@3HB) already defined in cxx.lib(initcxx1.obj); second definition ignored
     1>cxxd.lib(initcxx1.obj) : warning LNK4006: "int const MPI::DISTRIBUTE_DFLT_DARG" (?DISTRIBUTE_DFLT_DARG@MPI@@3HB) already defined in cxx.lib(initcxx1.obj); second definition ignored
     1>cxxd.lib(initcxx1.obj) : warning LNK4006: "int const MPI::DISTRIBUTE_NONE" (?DISTRIBUTE_NONE@MPI@@3HB) already defined in cxx.lib(initcxx1.obj); second definition ignored
     1>cxxd.lib(initcxx1.obj) : warning LNK4006: "int const MPI::ORDER_C" (?ORDER_C@MPI@@3HB) already defined in cxx.lib(initcxx1.obj); second definition ignored
     1>cxxd.lib(initcxx1.obj) : warning LNK4006: "int const MPI::ORDER_FORTRAN" (?ORDER_FORTRAN@MPI@@3HB) already defined in cxx.lib(initcxx1.obj); second definition ignored
     1>cxxd.lib(initcxx1.obj) : warning LNK4006: "int const MPI::MAX_DATAREP_STRING" (?MAX_DATAREP_STRING@MPI@@3HB) already defined in cxx.lib(initcxx1.obj); second definition ignored
     1>cxxd.lib(initcxx1.obj) : warning LNK4006: "__int64 const MPI::DISPLACEMENT_CURRENT" (?DISPLACEMENT_CURRENT@MPI@@3_JB) already defined in cxx.lib(initcxx1.obj); second definition ignored
     1>cxxd.lib(initcxx1.obj) : warning LNK4006: "int const MPI::MODE_APPEND" (?MODE_APPEND@MPI@@3HB) already defined in cxx.lib(initcxx1.obj); second definition ignored
     1>cxxd.lib(initcxx1.obj) : warning LNK4006: "int const MPI::MODE_CREATE" (?MODE_CREATE@MPI@@3HB) already defined in cxx.lib(initcxx1.obj); second definition ignored
     1>cxxd.lib(initcxx1.obj) : warning LNK4006: "int const MPI::MODE_DELETE_ON_CLOSE" (?MODE_DELETE_ON_CLOSE@MPI@@3HB) already defined in cxx.lib(initcxx1.obj); second definition ignored
     1>cxxd.lib(initcxx1.obj) : warning LNK4006: "int const MPI::MODE_EXCL" (?MODE_EXCL@MPI@@3HB) already defined in cxx.lib(initcxx1.obj); second definition ignored
     1>cxxd.lib(initcxx1.obj) : warning LNK4006: "int const MPI::MODE_RDONLY" (?MODE_RDONLY@MPI@@3HB) already defined in cxx.lib(initcxx1.obj); second definition ignored
     1>cxxd.lib(initcxx1.obj) : warning LNK4006: "int const MPI::MODE_RDWR" (?MODE_RDWR@MPI@@3HB) already defined in cxx.lib(initcxx1.obj); second definition ignored
     1>cxxd.lib(initcxx1.obj) : warning LNK4006: "int const MPI::MODE_SEQUENTIAL" (?MODE_SEQUENTIAL@MPI@@3HB) already defined in cxx.lib(initcxx1.obj); second definition ignored
     1>cxxd.lib(initcxx1.obj) : warning LNK4006: "int const MPI::MODE_UNIQUE_OPEN" (?MODE_UNIQUE_OPEN@MPI@@3HB) already defined in cxx.lib(initcxx1.obj); second definition ignored
     1>cxxd.lib(initcxx1.obj) : warning LNK4006: "int const MPI::MODE_WRONLY" (?MODE_WRONLY@MPI@@3HB) already defined in cxx.lib(initcxx1.obj); second definition ignored
     1>cxxd.lib(initcxx1.obj) : warning LNK4006: "int const MPI::MODE_NOCHECK" (?MODE_NOCHECK@MPI@@3HB) already defined in cxx.lib(initcxx1.obj); second definition ignored
     1>cxxd.lib(initcxx1.obj) : warning LNK4006: "int const MPI::MODE_NOPRECEDE" (?MODE_NOPRECEDE@MPI@@3HB) already defined in cxx.lib(initcxx1.obj); second definition ignored
     1>cxxd.lib(initcxx1.obj) : warning LNK4006: "int const MPI::MODE_NOPUT" (?MODE_NOPUT@MPI@@3HB) already defined in cxx.lib(initcxx1.obj); second definition ignored
     1>cxxd.lib(initcxx1.obj) : warning LNK4006: "int const MPI::MODE_NOSTORE" (?MODE_NOSTORE@MPI@@3HB) already defined in cxx.lib(initcxx1.obj); second definition ignored
     1>cxxd.lib(initcxx1.obj) : warning LNK4006: "int const MPI::MODE_NOSUCCEED" (?MODE_NOSUCCEED@MPI@@3HB) already defined in cxx.lib(initcxx1.obj); second definition ignored
     1>cxxd.lib(initcxx1.obj) : warning LNK4006: "int const MPI::COMBINER_CONTIGUOUS" (?COMBINER_CONTIGUOUS@MPI@@3HB) already defined in cxx.lib(initcxx1.obj); second definition ignored
     1>cxxd.lib(initcxx1.obj) : warning LNK4006: "int const MPI::COMBINER_DARRAY" (?COMBINER_DARRAY@MPI@@3HB) already defined in cxx.lib(initcxx1.obj); second definition ignored
     1>cxxd.lib(initcxx1.obj) : warning LNK4006: "int const MPI::COMBINER_DUP" (?COMBINER_DUP@MPI@@3HB) already defined in cxx.lib(initcxx1.obj); second definition ignored
     1>cxxd.lib(initcxx1.obj) : warning LNK4006: "int const MPI::COMBINER_F90_COMPLEX" (?COMBINER_F90_COMPLEX@MPI@@3HB) already defined in cxx.lib(initcxx1.obj); second definition ignored
     1>cxxd.lib(initcxx1.obj) : warning LNK4006: "int const MPI::COMBINER_F90_INTEGER" (?COMBINER_F90_INTEGER@MPI@@3HB) already defined in cxx.lib(initcxx1.obj); second definition ignored
     1>cxxd.lib(initcxx1.obj) : warning LNK4006: "int const MPI::COMBINER_F90_REAL" (?COMBINER_F90_REAL@MPI@@3HB) already defined in cxx.lib(initcxx1.obj); second definition ignored
     1>cxxd.lib(initcxx1.obj) : warning LNK4006: "int const MPI::COMBINER_HINDEXED_INTEGER" (?COMBINER_HINDEXED_INTEGER@MPI@@3HB) already defined in cxx.lib(initcxx1.obj); second definition ignored
     1>cxxd.lib(initcxx1.obj) : warning LNK4006: "int const MPI::COMBINER_HINDEXED" (?COMBINER_HINDEXED@MPI@@3HB) already defined in cxx.lib(initcxx1.obj); second definition ignored
     1>cxxd.lib(initcxx1.obj) : warning LNK4006: "int const MPI::COMBINER_HVECTOR_INTEGER" (?COMBINER_HVECTOR_INTEGER@MPI@@3HB) already defined in cxx.lib(initcxx1.obj); second definition ignored
     1>cxxd.lib(initcxx1.obj) : warning LNK4006: "int const MPI::COMBINER_HVECTOR" (?COMBINER_HVECTOR@MPI@@3HB) already defined in cxx.lib(initcxx1.obj); second definition ignored
     1>cxxd.lib(initcxx1.obj) : warning LNK4006: "int const MPI::COMBINER_INDEXED_BLOCK" (?COMBINER_INDEXED_BLOCK@MPI@@3HB) already defined in cxx.lib(initcxx1.obj); second definition ignored
     1>cxxd.lib(initcxx1.obj) : warning LNK4006: "int const MPI::COMBINER_INDEXED" (?COMBINER_INDEXED@MPI@@3HB) already defined in cxx.lib(initcxx1.obj); second definition ignored
     1>cxxd.lib(initcxx1.obj) : warning LNK4006: "int const MPI::COMBINER_NAMED" (?COMBINER_NAMED@MPI@@3HB) already defined in cxx.lib(initcxx1.obj); second definition ignored
     1>cxxd.lib(initcxx1.obj) : warning LNK4006: "int const MPI::COMBINER_RESIZED" (?COMBINER_RESIZED@MPI@@3HB) already defined in cxx.lib(initcxx1.obj); second definition ignored
     1>cxxd.lib(initcxx1.obj) : warning LNK4006: "int const MPI::COMBINER_STRUCT_INTEGER" (?COMBINER_STRUCT_INTEGER@MPI@@3HB) already defined in cxx.lib(initcxx1.obj); second definition ignored
     1>cxxd.lib(initcxx1.obj) : warning LNK4006: "int const MPI::COMBINER_STRUCT" (?COMBINER_STRUCT@MPI@@3HB) already defined in cxx.lib(initcxx1.obj); second definition ignored
     1>cxxd.lib(initcxx1.obj) : warning LNK4006: "int const MPI::COMBINER_SUBARRAY" (?COMBINER_SUBARRAY@MPI@@3HB) already defined in cxx.lib(initcxx1.obj); second definition ignored
     1>cxxd.lib(initcxx1.obj) : warning LNK4006: "int const MPI::COMBINER_VECTOR" (?COMBINER_VECTOR@MPI@@3HB) already defined in cxx.lib(initcxx1.obj); second definition ignored
     1>cxxd.lib(initcxx1.obj) : warning LNK4006: "int const MPI::THREAD_FUNNELED" (?THREAD_FUNNELED@MPI@@3HB) already defined in cxx.lib(initcxx1.obj); second definition ignored
     1>cxxd.lib(initcxx1.obj) : warning LNK4006: "int const MPI::THREAD_MULTIPLE" (?THREAD_MULTIPLE@MPI@@3HB) already defined in cxx.lib(initcxx1.obj); second definition ignored
     1>cxxd.lib(initcxx1.obj) : warning LNK4006: "int const MPI::THREAD_SERIALIZED" (?THREAD_SERIALIZED@MPI@@3HB) already defined in cxx.lib(initcxx1.obj); second definition ignored
     1>cxxd.lib(initcxx1.obj) : warning LNK4006: "int const MPI::THREAD_SINGLE" (?THREAD_SINGLE@MPI@@3HB) already defined in cxx.lib(initcxx1.obj); second definition ignored
     1>cxxd.lib(initcxx1.obj) : warning LNK4006: "char const * * MPI::ARGV_NULL" (?ARGV_NULL@MPI@@3QAPBDA) already defined in cxx.lib(initcxx1.obj); second definition ignored
     1>cxxd.lib(initcxx1.obj) : warning LNK4006: "char const * * * MPI::ARGVS_NULL" (?ARGVS_NULL@MPI@@3QAPAPBDA) already defined in cxx.lib(initcxx1.obj); second definition ignored
     1>cxxd.lib(initcxx1.obj) : warning LNK4006: "void * MPI::BOTTOM" (?BOTTOM@MPI@@3QAXA) already defined in cxx.lib(initcxx1.obj); second definition ignored
     1>cxxd.lib(initcxx1.obj) : warning LNK4006: "void * MPI::IN_PLACE" (?IN_PLACE@MPI@@3QAXA) already defined in cxx.lib(initcxx1.obj); second definition ignored
     1>cxxd.lib(initcxx1.obj) : warning LNK4006: "class MPI::Datatype MPI::INTEGER1" (?INTEGER1@MPI@@3VDatatype@1@A) already defined in cxx.lib(initcxx1.obj); second definition ignored
     1>cxxd.lib(initcxx1.obj) : warning LNK4006: "class MPI::Datatype MPI::REAL16" (?REAL16@MPI@@3VDatatype@1@A) already defined in cxx.lib(initcxx1.obj); second definition ignored
     1>cxxd.lib(initcxx1.obj) : warning LNK4006: "class MPI::Op const MPI::BXOR" (?BXOR@MPI@@3VOp@1@B) already defined in cxx.lib(initcxx1.obj); second definition ignored
     1>cxxd.lib(initcxx1.obj) : warning LNK4006: "class MPI::Datatype MPI::DOUBLE_COMPLEX" (?DOUBLE_COMPLEX@MPI@@3VDatatype@1@A) already defined in cxx.lib(initcxx1.obj); second definition ignored
     1>cxxd.lib(initcxx1.obj) : warning LNK4006: "class MPI::Datatype MPI::COMPLEX16" (?COMPLEX16@MPI@@3VDatatype@1@A) already defined in cxx.lib(initcxx1.obj); second definition ignored
     1>cxxd.lib(initcxx1.obj) : warning LNK4006: "class MPI::Datatype MPI::COMPLEX8" (?COMPLEX8@MPI@@3VDatatype@1@A) already defined in cxx.lib(initcxx1.obj); second definition ignored
     1>cxxd.lib(initcxx1.obj) : warning LNK4006: "class MPI::Datatype MPI::LONG" (?LONG@MPI@@3VDatatype@1@A) already defined in cxx.lib(initcxx1.obj); second definition ignored
     1>cxxd.lib(initcxx1.obj) : warning LNK4006: "class MPI::Datatype MPI::UNSIGNED_SHORT" (?UNSIGNED_SHORT@MPI@@3VDatatype@1@A) already defined in cxx.lib(initcxx1.obj); second definition ignored
     1>cxxd.lib(initcxx1.obj) : warning LNK4006: "class MPI::Op const MPI::LAND" (?LAND@MPI@@3VOp@1@B) already defined in cxx.lib(initcxx1.obj); second definition ignored
     1>cxxd.lib(initcxx1.obj) : warning LNK4006: "class MPI::Datatype MPI::COMPLEX32" (?COMPLEX32@MPI@@3VDatatype@1@A) already defined in cxx.lib(initcxx1.obj); second definition ignored
     1>cxxd.lib(initcxx1.obj) : warning LNK4006: "class MPI::Datatype MPI::LONG_DOUBLE" (?LONG_DOUBLE@MPI@@3VDatatype@1@A) already defined in cxx.lib(initcxx1.obj); second definition ignored
     1>cxxd.lib(initcxx1.obj) : warning LNK4006: "class MPI::Datatype MPI::REAL4" (?REAL4@MPI@@3VDatatype@1@A) already defined in cxx.lib(initcxx1.obj); second definition ignored
     1>cxxd.lib(initcxx1.obj) : warning LNK4006: "class MPI::File MPI::FILE_NULL" (?FILE_NULL@MPI@@3VFile@1@A) already defined in cxx.lib(initcxx1.obj); second definition ignored
     1>cxxd.lib(initcxx1.obj) : warning LNK4006: "class MPI::Datatype MPI::UNSIGNED_LONG_LONG" (?UNSIGNED_LONG_LONG@MPI@@3VDatatype@1@A) already defined in cxx.lib(initcxx1.obj); second definition ignored
     1>cxxd.lib(initcxx1.obj) : warning LNK4006: "class MPI::Datatype MPI::INTEGER4" (?INTEGER4@MPI@@3VDatatype@1@A) already defined in cxx.lib(initcxx1.obj); second definition ignored
     1>cxxd.lib(initcxx1.obj) : warning LNK4006: "class MPI::Datatype MPI::FLOAT_INT" (?FLOAT_INT@MPI@@3VDatatype@1@A) already defined in cxx.lib(initcxx1.obj); second definition ignored
     1>cxxd.lib(initcxx1.obj) : warning LNK4006: "class MPI::Datatype MPI::LONG_LONG" (?LONG_LONG@MPI@@3VDatatype@1@A) already defined in cxx.lib(initcxx1.obj); second definition ignored
     1>cxxd.lib(initcxx1.obj) : warning LNK4006: "class MPI::Nullcomm const MPI::COMM_NULL" (?COMM_NULL@MPI@@3VNullcomm@1@B) already defined in cxx.lib(initcxx1.obj); second definition ignored
     1>cxxd.lib(initcxx1.obj) : warning LNK4006: "class MPI::Op const MPI::REPLACE" (?REPLACE@MPI@@3VOp@1@B) already defined in cxx.lib(initcxx1.obj); second definition ignored
     1>cxxd.lib(initcxx1.obj) : warning LNK4006: "class MPI::Errhandler const MPI::ERRORS_RETURN" (?ERRORS_RETURN@MPI@@3VErrhandler@1@B) already defined in cxx.lib(initcxx1.obj); second definition ignored
     1>cxxd.lib(initcxx1.obj) : warning LNK4006: "class MPI::Group const MPI::GROUP_EMPTY" (?GROUP_EMPTY@MPI@@3VGroup@1@B) already defined in cxx.lib(initcxx1.obj); second definition ignored
     1>cxxd.lib(initcxx1.obj) : warning LNK4006: "class MPI::Intracomm MPI::COMM_WORLD" (?COMM_WORLD@MPI@@3VIntracomm@1@A) already defined in cxx.lib(initcxx1.obj); second definition ignored
     1>cxxd.lib(initcxx1.obj) : warning LNK4006: "class MPI::Datatype MPI::INTEGER16" (?INTEGER16@MPI@@3VDatatype@1@A) already defined in cxx.lib(initcxx1.obj); second definition ignored
     1>cxxd.lib(initcxx1.obj) : warning LNK4006: "class MPI::Op const MPI::OP_NULL" (?OP_NULL@MPI@@3VOp@1@B) already defined in cxx.lib(initcxx1.obj); second definition ignored
     1>cxxd.lib(initcxx1.obj) : warning LNK4006: "class MPI::Datatype MPI::BYTE" (?BYTE@MPI@@3VDatatype@1@A) already defined in cxx.lib(initcxx1.obj); second definition ignored
     1>cxxd.lib(initcxx1.obj) : warning LNK4006: "class MPI::Win const MPI::WIN_NULL" (?WIN_NULL@MPI@@3VWin@1@B) already defined in cxx.lib(initcxx1.obj); second definition ignored
     1>cxxd.lib(initcxx1.obj) : warning LNK4006: "class MPI::Op const MPI::SUM" (?SUM@MPI@@3VOp@1@B) already defined in cxx.lib(initcxx1.obj); second definition ignored
     1>cxxd.lib(initcxx1.obj) : warning LNK4006: "class MPI::Datatype MPI::INTEGER2" (?INTEGER2@MPI@@3VDatatype@1@A) already defined in cxx.lib(initcxx1.obj); second definition ignored
     1>cxxd.lib(initcxx1.obj) : warning LNK4006: "class MPI::Datatype MPI::TWOINT" (?TWOINT@MPI@@3VDatatype@1@A) already defined in cxx.lib(initcxx1.obj); second definition ignored
     1>cxxd.lib(initcxx1.obj) : warning LNK4006: "class MPI::Datatype MPI::INTEGER8" (?INTEGER8@MPI@@3VDatatype@1@A) already defined in cxx.lib(initcxx1.obj); second definition ignored
     1>cxxd.lib(initcxx1.obj) : warning LNK4006: "class MPI::Request const MPI::REQUEST_NULL" (?REQUEST_NULL@MPI@@3VRequest@1@B) already defined in cxx.lib(initcxx1.obj); second definition ignored
     1>cxxd.lib(initcxx1.obj) : warning LNK4006: "class MPI::Op const MPI::MINLOC" (?MINLOC@MPI@@3VOp@1@B) already defined in cxx.lib(initcxx1.obj); second definition ignored
     1>cxxd.lib(initcxx1.obj) : warning LNK4006: "class MPI::Datatype MPI::UNSIGNED" (?UNSIGNED@MPI@@3VDatatype@1@A) already defined in cxx.lib(initcxx1.obj); second definition ignored
     1>cxxd.lib(initcxx1.obj) : warning LNK4006: "class MPI::Op const MPI::BAND" (?BAND@MPI@@3VOp@1@B) already defined in cxx.lib(initcxx1.obj); second definition ignored
     1>cxxd.lib(initcxx1.obj) : warning LNK4006: "class MPI::Op const MPI::MIN" (?MIN@MPI@@3VOp@1@B) already defined in cxx.lib(initcxx1.obj); second definition ignored
     1>cxxd.lib(initcxx1.obj) : warning LNK4006: "class MPI::Datatype MPI::COMPLEX" (?COMPLEX@MPI@@3VDatatype@1@A) already defined in cxx.lib(initcxx1.obj); second definition ignored
     1>cxxd.lib(initcxx1.obj) : warning LNK4006: "class MPI::Info const MPI::INFO_NULL" (?INFO_NULL@MPI@@3VInfo@1@B) already defined in cxx.lib(initcxx1.obj); second definition ignored
     1>cxxd.lib(initcxx1.obj) : warning LNK4006: "class MPI::Datatype MPI::UNSIGNED_LONG" (?UNSIGNED_LONG@MPI@@3VDatatype@1@A) already defined in cxx.lib(initcxx1.obj); second definition ignored
     1>cxxd.lib(initcxx1.obj) : warning LNK4006: "class MPI::Datatype MPI::UNSIGNED_CHAR" (?UNSIGNED_CHAR@MPI@@3VDatatype@1@A) already defined in cxx.lib(initcxx1.obj); second definition ignored
     1>cxxd.lib(initcxx1.obj) : warning LNK4006: "class MPI::Datatype MPI::SHORT" (?SHORT@MPI@@3VDatatype@1@A) already defined in cxx.lib(initcxx1.obj); second definition ignored
     1>cxxd.lib(initcxx1.obj) : warning LNK4006: "class MPI::Op const MPI::MAX" (?MAX@MPI@@3VOp@1@B) already defined in cxx.lib(initcxx1.obj); second definition ignored
     1>cxxd.lib(initcxx1.obj) : warning LNK4006: "class MPI::Datatype MPI::LONG_LONG_INT" (?LONG_LONG_INT@MPI@@3VDatatype@1@A) already defined in cxx.lib(initcxx1.obj); second definition ignored
     1>cxxd.lib(initcxx1.obj) : warning LNK4006: "class MPI::Op const MPI::BOR" (?BOR@MPI@@3VOp@1@B) already defined in cxx.lib(initcxx1.obj); second definition ignored
     1>cxxd.lib(initcxx1.obj) : warning LNK4006: "class MPI::Datatype MPI::LONG_DOUBLE_INT" (?LONG_DOUBLE_INT@MPI@@3VDatatype@1@A) already defined in cxx.lib(initcxx1.obj); second definition ignored
     1>cxxd.lib(initcxx1.obj) : warning LNK4006: "class MPI::Errhandler const MPI::ERRORS_THROW_EXCEPTIONS" (?ERRORS_THROW_EXCEPTIONS@MPI@@3VErrhandler@1@B) already defined in cxx.lib(initcxx1.obj); second definition ignored
     1>cxxd.lib(initcxx1.obj) : warning LNK4006: "class MPI::Op const MPI::MAXLOC" (?MAXLOC@MPI@@3VOp@1@B) already defined in cxx.lib(initcxx1.obj); second definition ignored
     1>cxxd.lib(initcxx1.obj) : warning LNK4006: "class MPI::Op const MPI::LXOR" (?LXOR@MPI@@3VOp@1@B) already defined in cxx.lib(initcxx1.obj); second definition ignored
     1>cxxd.lib(initcxx1.obj) : warning LNK4006: "class MPI::Errhandler const MPI::ERRORS_ARE_FATAL" (?ERRORS_ARE_FATAL@MPI@@3VErrhandler@1@B) already defined in cxx.lib(initcxx1.obj); second definition ignored
     1>cxxd.lib(initcxx1.obj) : warning LNK4006: "class MPI::Datatype MPI::BOOL" (?BOOL@MPI@@3VDatatype@1@A) already defined in cxx.lib(initcxx1.obj); second definition ignored
     1>cxxd.lib(initcxx1.obj) : warning LNK4006: "class MPI::Errhandler const MPI::ERRHANDLER_NULL" (?ERRHANDLER_NULL@MPI@@3VErrhandler@1@B) already defined in cxx.lib(initcxx1.obj); second definition ignored
     1>cxxd.lib(initcxx1.obj) : warning LNK4006: "class MPI::Datatype MPI::DOUBLE_INT" (?DOUBLE_INT@MPI@@3VDatatype@1@A) already defined in cxx.lib(initcxx1.obj); second definition ignored
     1>cxxd.lib(initcxx1.obj) : warning LNK4006: "class MPI::Datatype MPI::FLOAT" (?FLOAT@MPI@@3VDatatype@1@A) already defined in cxx.lib(initcxx1.obj); second definition ignored
     1>cxxd.lib(initcxx1.obj) : warning LNK4006: "class MPI::Op const MPI::LOR" (?LOR@MPI@@3VOp@1@B) already defined in cxx.lib(initcxx1.obj); second definition ignored
     1>cxxd.lib(initcxx1.obj) : warning LNK4006: "class MPI::Datatype MPI::LONG_INT" (?LONG_INT@MPI@@3VDatatype@1@A) already defined in cxx.lib(initcxx1.obj); second definition ignored
     1>cxxd.lib(initcxx1.obj) : warning LNK4006: "class MPI::Datatype MPI::LONG_DOUBLE_COMPLEX" (?LONG_DOUBLE_COMPLEX@MPI@@3VDatatype@1@A) already defined in cxx.lib(initcxx1.obj); second definition ignored
     1>cxxd.lib(initcxx1.obj) : warning LNK4006: "class MPI::Datatype MPI::CHAR" (?CHAR@MPI@@3VDatatype@1@A) already defined in cxx.lib(initcxx1.obj); second definition ignored
     1>cxxd.lib(initcxx1.obj) : warning LNK4006: "class MPI::Datatype MPI::WCHAR" (?WCHAR@MPI@@3VDatatype@1@A) already defined in cxx.lib(initcxx1.obj); second definition ignored
     1>cxxd.lib(initcxx1.obj) : warning LNK4006: "class MPI::Datatype MPI::DOUBLE" (?DOUBLE@MPI@@3VDatatype@1@A) already defined in cxx.lib(initcxx1.obj); second definition ignored
     1>cxxd.lib(initcxx1.obj) : warning LNK4006: "class MPI::Datatype MPI::SIGNED_CHAR" (?SIGNED_CHAR@MPI@@3VDatatype@1@A) already defined in cxx.lib(initcxx1.obj); second definition ignored
     1>cxxd.lib(initcxx1.obj) : warning LNK4006: "class MPI::Datatype MPI::INT" (?INT@MPI@@3VDatatype@1@A) already defined in cxx.lib(initcxx1.obj); second definition ignored
     1>cxxd.lib(initcxx1.obj) : warning LNK4006: "class MPI::Datatype MPI::PACKED" (?PACKED@MPI@@3VDatatype@1@A) already defined in cxx.lib(initcxx1.obj); second definition ignored
     1>cxxd.lib(initcxx1.obj) : warning LNK4006: "class MPI::Datatype MPI::UB" (?UB@MPI@@3VDatatype@1@A) already defined in cxx.lib(initcxx1.obj); second definition ignored
     1>cxxd.lib(initcxx1.obj) : warning LNK4006: "class MPI::Datatype MPI::LB" (?LB@MPI@@3VDatatype@1@A) already defined in cxx.lib(initcxx1.obj); second definition ignored
     1>cxxd.lib(initcxx1.obj) : warning LNK4006: "class MPI::Datatype MPI::SHORT_INT" (?SHORT_INT@MPI@@3VDatatype@1@A) already defined in cxx.lib(initcxx1.obj); second definition ignored
     1>cxxd.lib(initcxx1.obj) : warning LNK4006: "class MPI::Intracomm MPI::COMM_SELF" (?COMM_SELF@MPI@@3VIntracomm@1@A) already defined in cxx.lib(initcxx1.obj); second definition ignored
     1>cxxd.lib(initcxx1.obj) : warning LNK4006: "class MPI::Op const MPI::PROD" (?PROD@MPI@@3VOp@1@B) already defined in cxx.lib(initcxx1.obj); second definition ignored
     1>cxxd.lib(initcxx1.obj) : warning LNK4006: "class MPI::Datatype MPI::REAL8" (?REAL8@MPI@@3VDatatype@1@A) already defined in cxx.lib(initcxx1.obj); second definition ignored
     1>cxxd.lib(initcxx1.obj) : warning LNK4006: "class MPI::Group const MPI::GROUP_NULL" (?GROUP_NULL@MPI@@3VGroup@1@B) already defined in cxx.lib(initcxx1.obj); second definition ignored
     1>cxxd.lib(initcxx1.obj) : warning LNK4006: "class MPI::Datatype MPI::DATATYPE_NULL" (?DATATYPE_NULL@MPI@@3VDatatype@1@A) already defined in cxx.lib(initcxx1.obj); second definition ignored
     1>cxxd.lib(initcxx1.obj) : warning LNK4221: This object file does not define any previously undefined public symbols, so it will not be used by any link operation that consumes this library
     1>fmpich2.lib(fmpich2.dll) : warning LNK4006: __NULL_IMPORT_DESCRIPTOR already defined in fmpe.lib(fmpe.dll); second definition ignored
     1>fmpich2.lib(fmpich2.dll) : warning LNK4221: This object file does not define any previously undefined public symbols, so it will not be used by any link operation that consumes this library
     1>fmpich2g.lib(fmpich2g.dll) : warning LNK4006: _PMPI_Status_f2c already defined in fmpich2.lib(fmpich2.dll); second definition ignored
     1>fmpich2g.lib(fmpich2g.dll) : warning LNK4006: __imp__PMPI_Status_f2c already defined in fmpich2.lib(fmpich2.dll); second definition ignored
     1>fmpich2g.lib(fmpich2g.dll) : warning LNK4221: This object file does not define any previously undefined public symbols, so it will not be used by any link operation that consumes this library
     1>fmpich2g.lib(fmpich2g.dll) : warning LNK4006: _PMPI_Status_c2f already defined in fmpich2.lib(fmpich2.dll); second definition ignored
     1>fmpich2g.lib(fmpich2g.dll) : warning LNK4006: __imp__PMPI_Status_c2f already defined in fmpich2.lib(fmpich2.dll); second definition ignored
     1>fmpich2g.lib(fmpich2g.dll) : warning LNK4221: This object file does not define any previously undefined public symbols, so it will not be used by any link operation that consumes this library
     1>fmpich2g.lib(fmpich2g.dll) : warning LNK4006: _MPI_Status_f2c already defined in fmpich2.lib(fmpich2.dll); second definition ignored
     1>fmpich2g.lib(fmpich2g.dll) : warning LNK4006: __imp__MPI_Status_f2c already defined in fmpich2.lib(fmpich2.dll); second definition ignored
     1>fmpich2g.lib(fmpich2g.dll) : warning LNK4221: This object file does not define any previously undefined public symbols, so it will not be used by any link operation that consumes this library
     1>fmpich2g.lib(fmpich2g.dll) : warning LNK4006: _MPI_Status_c2f already defined in fmpich2.lib(fmpich2.dll); second definition ignored
     1>fmpich2g.lib(fmpich2g.dll) : warning LNK4006: __imp__MPI_Status_c2f already defined in fmpich2.lib(fmpich2.dll); second definition ignored
     1>fmpich2g.lib(fmpich2g.dll) : warning LNK4221: This object file does not define any previously undefined public symbols, so it will not be used by any link operation that consumes this library
     1>fmpich2g.lib(fmpich2g.dll) : warning LNK4006: _MPI_F_ERRCODES_IGNORE already defined in fmpich2.lib(fmpich2.dll); second definition ignored
     1>fmpich2g.lib(fmpich2g.dll) : warning LNK4006: __imp__MPI_F_ERRCODES_IGNORE already defined in fmpich2.lib(fmpich2.dll); second definition ignored
     1>fmpich2g.lib(fmpich2g.dll) : warning LNK4221: This object file does not define any previously undefined public symbols, so it will not be used by any link operation that consumes this library
     1>fmpich2g.lib(fmpich2g.dll) : warning LNK4006: _MPI_F_ARGVS_NULL already defined in fmpich2.lib(fmpich2.dll); second definition ignored
     1>fmpich2g.lib(fmpich2g.dll) : warning LNK4006: __imp__MPI_F_ARGVS_NULL already defined in fmpich2.lib(fmpich2.dll); second definition ignored
     1>fmpich2g.lib(fmpich2g.dll) : warning LNK4221: This object file does not define any previously undefined public symbols, so it will not be used by any link operation that consumes this library
     1>fmpich2g.lib(fmpich2g.dll) : warning LNK4006: _MPIR_F_NeedInit already defined in fmpich2.lib(fmpich2.dll); second definition ignored
     1>fmpich2g.lib(fmpich2g.dll) : warning LNK4006: __imp__MPIR_F_NeedInit already defined in fmpich2.lib(fmpich2.dll); second definition ignored
     1>fmpich2g.lib(fmpich2g.dll) : warning LNK4221: This object file does not define any previously undefined public symbols, so it will not be used by any link operation that consumes this library
     1>fmpich2g.lib(fmpich2g.dll) : warning LNK4006: _MPIR_F_MPI_IN_PLACE already defined in fmpich2.lib(fmpich2.dll); second definition ignored
     1>fmpich2g.lib(fmpich2g.dll) : warning LNK4006: __imp__MPIR_F_MPI_IN_PLACE already defined in fmpich2.lib(fmpich2.dll); second definition ignored
     1>fmpich2g.lib(fmpich2g.dll) : warning LNK4221: This object file does not define any previously undefined public symbols, so it will not be used by any link operation that consumes this library
     1>fmpich2g.lib(fmpich2g.dll) : warning LNK4006: _MPIR_F_MPI_BOTTOM already defined in fmpich2.lib(fmpich2.dll); second definition ignored
     1>fmpich2g.lib(fmpich2g.dll) : warning LNK4006: __imp__MPIR_F_MPI_BOTTOM already defined in fmpich2.lib(fmpich2.dll); second definition ignored
     1>fmpich2g.lib(fmpich2g.dll) : warning LNK4221: This object file does not define any previously undefined public symbols, so it will not be used by any link operation that consumes this library
     1>fmpich2g.lib(fmpich2g.dll) : warning LNK4006: __NULL_IMPORT_DESCRIPTOR already defined in fmpe.lib(fmpe.dll); second definition ignored
     1>fmpich2g.lib(fmpich2g.dll) : warning LNK4221: This object file does not define any previously undefined public symbols, so it will not be used by any link operation that consumes this library
     1>fmpich2s.lib(fmpich2s.dll) : warning LNK4006: _PMPI_Status_f2c already defined in fmpich2.lib(fmpich2.dll); second definition ignored
     1>fmpich2s.lib(fmpich2s.dll) : warning LNK4006: __imp__PMPI_Status_f2c already defined in fmpich2.lib(fmpich2.dll); second definition ignored
     1>fmpich2s.lib(fmpich2s.dll) : warning LNK4221: This object file does not define any previously undefined public symbols, so it will not be used by any link operation that consumes this library
     1>fmpich2s.lib(fmpich2s.dll) : warning LNK4006: _PMPI_Status_c2f already defined in fmpich2.lib(fmpich2.dll); second definition ignored
     1>fmpich2s.lib(fmpich2s.dll) : warning LNK4006: __imp__PMPI_Status_c2f already defined in fmpich2.lib(fmpich2.dll); second definition ignored
     1>fmpich2s.lib(fmpich2s.dll) : warning LNK4221: This object file does not define any previously undefined public symbols, so it will not be used by any link operation that consumes this library
     1>fmpich2s.lib(fmpich2s.dll) : warning LNK4006: _MPI_WIN_NULL_DELETE_FN already defined in fmpich2.lib(fmpich2.dll); second definition ignored
     1>fmpich2s.lib(fmpich2s.dll) : warning LNK4006: __imp__MPI_WIN_NULL_DELETE_FN already defined in fmpich2.lib(fmpich2.dll); second definition ignored
     1>fmpich2s.lib(fmpich2s.dll) : warning LNK4221: This object file does not define any previously undefined public symbols, so it will not be used by any link operation that consumes this library
     1>fmpich2s.lib(fmpich2s.dll) : warning LNK4006: _MPI_WIN_NULL_COPY_FN already defined in fmpich2.lib(fmpich2.dll); second definition ignored
     1>fmpich2s.lib(fmpich2s.dll) : warning LNK4006: __imp__MPI_WIN_NULL_COPY_FN already defined in fmpich2.lib(fmpich2.dll); second definition ignored
     1>fmpich2s.lib(fmpich2s.dll) : warning LNK4221: This object file does not define any previously undefined public symbols, so it will not be used by any link operation that consumes this library
     1>fmpich2s.lib(fmpich2s.dll) : warning LNK4006: _MPI_WIN_DUP_FN already defined in fmpich2.lib(fmpich2.dll); second definition ignored
     1>fmpich2s.lib(fmpich2s.dll) : warning LNK4006: __imp__MPI_WIN_DUP_FN already defined in fmpich2.lib(fmpich2.dll); second definition ignored
     1>fmpich2s.lib(fmpich2s.dll) : warning LNK4221: This object file does not define any previously undefined public symbols, so it will not be used by any link operation that consumes this library
     1>fmpich2s.lib(fmpich2s.dll) : warning LNK4006: _MPI_TYPE_NULL_DELETE_FN already defined in fmpich2.lib(fmpich2.dll); second definition ignored
     1>fmpich2s.lib(fmpich2s.dll) : warning LNK4006: __imp__MPI_TYPE_NULL_DELETE_FN already defined in fmpich2.lib(fmpich2.dll); second definition ignored
     1>fmpich2s.lib(fmpich2s.dll) : warning LNK4221: This object file does not define any previously undefined public symbols, so it will not be used by any link operation that consumes this library
     1>fmpich2s.lib(fmpich2s.dll) : warning LNK4006: _MPI_TYPE_NULL_COPY_FN already defined in fmpich2.lib(fmpich2.dll); second definition ignored
     1>fmpich2s.lib(fmpich2s.dll) : warning LNK4006: __imp__MPI_TYPE_NULL_COPY_FN already defined in fmpich2.lib(fmpich2.dll); second definition ignored
     1>fmpich2s.lib(fmpich2s.dll) : warning LNK4221: This object file does not define any previously undefined public symbols, so it will not be used by any link operation that consumes this library
     1>fmpich2s.lib(fmpich2s.dll) : warning LNK4006: _MPI_TYPE_DUP_FN already defined in fmpich2.lib(fmpich2.dll); second definition ignored
     1>fmpich2s.lib(fmpich2s.dll) : warning LNK4006: __imp__MPI_TYPE_DUP_FN already defined in fmpich2.lib(fmpich2.dll); second definition ignored
     1>fmpich2s.lib(fmpich2s.dll) : warning LNK4221: This object file does not define any previously undefined public symbols, so it will not be used by any link operation that consumes this library
     1>fmpich2s.lib(fmpich2s.dll) : warning LNK4006: _MPI_Status_f2c already defined in fmpich2.lib(fmpich2.dll); second definition ignored
     1>fmpich2s.lib(fmpich2s.dll) : warning LNK4006: __imp__MPI_Status_f2c already defined in fmpich2.lib(fmpich2.dll); second definition ignored
     1>fmpich2s.lib(fmpich2s.dll) : warning LNK4221: This object file does not define any previously undefined public symbols, so it will not be used by any link operation that consumes this library
     1>fmpich2s.lib(fmpich2s.dll) : warning LNK4006: _MPI_Status_c2f already defined in fmpich2.lib(fmpich2.dll); second definition ignored
     1>fmpich2s.lib(fmpich2s.dll) : warning LNK4006: __imp__MPI_Status_c2f already defined in fmpich2.lib(fmpich2.dll); second definition ignored
     1>fmpich2s.lib(fmpich2s.dll) : warning LNK4221: This object file does not define any previously undefined public symbols, so it will not be used by any link operation that consumes this library
     1>fmpich2s.lib(fmpich2s.dll) : warning LNK4006: _MPI_NULL_DELETE_FN already defined in fmpich2.lib(fmpich2.dll); second definition ignored
     1>fmpich2s.lib(fmpich2s.dll) : warning LNK4006: __imp__MPI_NULL_DELETE_FN already defined in fmpich2.lib(fmpich2.dll); second definition ignored
     1>fmpich2s.lib(fmpich2s.dll) : warning LNK4221: This object file does not define any previously undefined public symbols, so it will not be used by any link operation that consumes this library
     1>fmpich2s.lib(fmpich2s.dll) : warning LNK4006: _MPI_NULL_COPY_FN already defined in fmpich2.lib(fmpich2.dll); second definition ignored
     1>fmpich2s.lib(fmpich2s.dll) : warning LNK4006: __imp__MPI_NULL_COPY_FN already defined in fmpich2.lib(fmpich2.dll); second definition ignored
     1>fmpich2s.lib(fmpich2s.dll) : warning LNK4221: This object file does not define any previously undefined public symbols, so it will not be used by any link operation that consumes this library
     1>fmpich2s.lib(fmpich2s.dll) : warning LNK4006: _MPI_F_ERRCODES_IGNORE already defined in fmpich2.lib(fmpich2.dll); second definition ignored
     1>fmpich2s.lib(fmpich2s.dll) : warning LNK4006: __imp__MPI_F_ERRCODES_IGNORE already defined in fmpich2.lib(fmpich2.dll); second definition ignored
     1>fmpich2s.lib(fmpich2s.dll) : warning LNK4221: This object file does not define any previously undefined public symbols, so it will not be used by any link operation that consumes this library
     1>fmpich2s.lib(fmpich2s.dll) : warning LNK4006: _MPI_F_ARGVS_NULL already defined in fmpich2.lib(fmpich2.dll); second definition ignored
     1>fmpich2s.lib(fmpich2s.dll) : warning LNK4006: __imp__MPI_F_ARGVS_NULL already defined in fmpich2.lib(fmpich2.dll); second definition ignored
     1>fmpich2s.lib(fmpich2s.dll) : warning LNK4221: This object file does not define any previously undefined public symbols, so it will not be used by any link operation that consumes this library
     1>fmpich2s.lib(fmpich2s.dll) : warning LNK4006: _MPI_DUP_FN already defined in fmpich2.lib(fmpich2.dll); second definition ignored
     1>fmpich2s.lib(fmpich2s.dll) : warning LNK4006: __imp__MPI_DUP_FN already defined in fmpich2.lib(fmpich2.dll); second definition ignored
     1>fmpich2s.lib(fmpich2s.dll) : warning LNK4221: This object file does not define any previously undefined public symbols, so it will not be used by any link operation that consumes this library
     1>fmpich2s.lib(fmpich2s.dll) : warning LNK4006: _MPI_CONVERSION_FN_NULL already defined in fmpich2.lib(fmpich2.dll); second definition ignored
     1>fmpich2s.lib(fmpich2s.dll) : warning LNK4006: __imp__MPI_CONVERSION_FN_NULL already defined in fmpich2.lib(fmpich2.dll); second definition ignored
     1>fmpich2s.lib(fmpich2s.dll) : warning LNK4221: This object file does not define any previously undefined public symbols, so it will not be used by any link operation that consumes this library
     1>fmpich2s.lib(fmpich2s.dll) : warning LNK4006: _MPI_COMM_NULL_DELETE_FN already defined in fmpich2.lib(fmpich2.dll); second definition ignored
     1>fmpich2s.lib(fmpich2s.dll) : warning LNK4006: __imp__MPI_COMM_NULL_DELETE_FN already defined in fmpich2.lib(fmpich2.dll); second definition ignored
     1>fmpich2s.lib(fmpich2s.dll) : warning LNK4221: This object file does not define any previously undefined public symbols, so it will not be used by any link operation that consumes this library
     1>fmpich2s.lib(fmpich2s.dll) : warning LNK4006: _MPI_COMM_NULL_COPY_FN already defined in fmpich2.lib(fmpich2.dll); second definition ignored
     1>fmpich2s.lib(fmpich2s.dll) : warning LNK4006: __imp__MPI_COMM_NULL_COPY_FN already defined in fmpich2.lib(fmpich2.dll); second definition ignored
     1>fmpich2s.lib(fmpich2s.dll) : warning LNK4221: This object file does not define any previously undefined public symbols, so it will not be used by any link operation that consumes this library
     1>fmpich2s.lib(fmpich2s.dll) : warning LNK4006: _MPI_COMM_DUP_FN already defined in fmpich2.lib(fmpich2.dll); second definition ignored
     1>fmpich2s.lib(fmpich2s.dll) : warning LNK4006: __imp__MPI_COMM_DUP_FN already defined in fmpich2.lib(fmpich2.dll); second definition ignored
     1>fmpich2s.lib(fmpich2s.dll) : warning LNK4221: This object file does not define any previously undefined public symbols, so it will not be used by any link operation that consumes this library
     1>fmpich2s.lib(fmpich2s.dll) : warning LNK4006: _MPIR_F_NeedInit already defined in fmpich2.lib(fmpich2.dll); second definition ignored
     1>fmpich2s.lib(fmpich2s.dll) : warning LNK4006: __imp__MPIR_F_NeedInit already defined in fmpich2.lib(fmpich2.dll); second definition ignored
     1>fmpich2s.lib(fmpich2s.dll) : warning LNK4221: This object file does not define any previously undefined public symbols, so it will not be used by any link operation that consumes this library
     1>fmpich2s.lib(fmpich2s.dll) : warning LNK4006: _MPIR_F_MPI_IN_PLACE already defined in fmpich2.lib(fmpich2.dll); second definition ignored
     1>fmpich2s.lib(fmpich2s.dll) : warning LNK4006: __imp__MPIR_F_MPI_IN_PLACE already defined in fmpich2.lib(fmpich2.dll); second definition ignored
     1>fmpich2s.lib(fmpich2s.dll) : warning LNK4221: This object file does not define any previously undefined public symbols, so it will not be used by any link operation that consumes this library
     1>fmpich2s.lib(fmpich2s.dll) : warning LNK4006: _MPIR_F_MPI_BOTTOM already defined in fmpich2.lib(fmpich2.dll); second definition ignored
     1>fmpich2s.lib(fmpich2s.dll) : warning LNK4006: __imp__MPIR_F_MPI_BOTTOM already defined in fmpich2.lib(fmpich2.dll); second definition ignored
     1>fmpich2s.lib(fmpich2s.dll) : warning LNK4221: This object file does not define any previously undefined public symbols, so it will not be used by any link operation that consumes this library
     1>fmpich2s.lib(fmpich2s.dll) : warning LNK4006: _MPIPRIVC already defined in fmpich2.lib(fmpich2.dll); second definition ignored
     1>fmpich2s.lib(fmpich2s.dll) : warning LNK4006: __imp__MPIPRIVC already defined in fmpich2.lib(fmpich2.dll); second definition ignored
     1>fmpich2s.lib(fmpich2s.dll) : warning LNK4221: This object file does not define any previously undefined public symbols, so it will not be used by any link operation that consumes this library
     1>fmpich2s.lib(fmpich2s.dll) : warning LNK4006: _MPIPRIV2 already defined in fmpich2.lib(fmpich2.dll); second definition ignored
     1>fmpich2s.lib(fmpich2s.dll) : warning LNK4006: __imp__MPIPRIV2 already defined in fmpich2.lib(fmpich2.dll); second definition ignored
     1>fmpich2s.lib(fmpich2s.dll) : warning LNK4221: This object file does not define any previously undefined public symbols, so it will not be used by any link operation that consumes this library
     1>fmpich2s.lib(fmpich2s.dll) : warning LNK4006: _MPIPRIV1 already defined in fmpich2.lib(fmpich2.dll); second definition ignored
     1>fmpich2s.lib(fmpich2s.dll) : warning LNK4006: __imp__MPIPRIV1 already defined in fmpich2.lib(fmpich2.dll); second definition ignored
     1>fmpich2s.lib(fmpich2s.dll) : warning LNK4221: This object file does not define any previously undefined public symbols, so it will not be used by any link operation that consumes this library
     1>fmpich2s.lib(fmpich2s.dll) : warning LNK4006: __NULL_IMPORT_DESCRIPTOR already defined in fmpe.lib(fmpe.dll); second definition ignored
     1>fmpich2s.lib(fmpich2s.dll) : warning LNK4221: This object file does not define any previously undefined public symbols, so it will not be used by any link operation that consumes this library
     1>mpe.lib(mpe.dll) : warning LNK4006: __imp__CLOG_CommSet already defined in fmpe.lib(fmpe.dll); second definition ignored
     1>mpe.lib(mpe.dll) : warning LNK4006: __NULL_IMPORT_DESCRIPTOR already defined in fmpe.lib(fmpe.dll); second definition ignored
     1>mpe.lib(mpe.dll) : warning LNK4221: This object file does not define any previously undefined public symbols, so it will not be used by any link operation that consumes this library
     1>mpi.lib(mpich2mpi.dll) : warning LNK4006: _PMPI_Status_f2c already defined in fmpich2.lib(fmpich2.dll); second definition ignored
     1>mpi.lib(mpich2mpi.dll) : warning LNK4006: __imp__PMPI_Status_f2c already defined in fmpich2.lib(fmpich2.dll); second definition ignored
     1>mpi.lib(mpich2mpi.dll) : warning LNK4221: This object file does not define any previously undefined public symbols, so it will not be used by any link operation that consumes this library
     1>mpi.lib(mpich2mpi.dll) : warning LNK4006: _PMPI_Status_c2f already defined in fmpich2.lib(fmpich2.dll); second definition ignored
     1>mpi.lib(mpich2mpi.dll) : warning LNK4006: __imp__PMPI_Status_c2f already defined in fmpich2.lib(fmpich2.dll); second definition ignored
     1>mpi.lib(mpich2mpi.dll) : warning LNK4221: This object file does not define any previously undefined public symbols, so it will not be used by any link operation that consumes this library
     1>mpi.lib(mpich2mpi.dll) : warning LNK4006: _MPI_Status_f2c already defined in fmpich2.lib(fmpich2.dll); second definition ignored
     1>mpi.lib(mpich2mpi.dll) : warning LNK4006: __imp__MPI_Status_f2c already defined in fmpich2.lib(fmpich2.dll); second definition ignored
     1>mpi.lib(mpich2mpi.dll) : warning LNK4221: This object file does not define any previously undefined public symbols, so it will not be used by any link operation that consumes this library
     1>mpi.lib(mpich2mpi.dll) : warning LNK4006: _MPI_Status_c2f already defined in fmpich2.lib(fmpich2.dll); second definition ignored
     1>mpi.lib(mpich2mpi.dll) : warning LNK4006: __imp__MPI_Status_c2f already defined in fmpich2.lib(fmpich2.dll); second definition ignored
     1>mpi.lib(mpich2mpi.dll) : warning LNK4221: This object file does not define any previously undefined public symbols, so it will not be used by any link operation that consumes this library
     1>mpi.lib(mpich2mpi.dll) : warning LNK4006: _MPI_DUP_FN already defined in fmpich2.lib(fmpich2.dll); second definition ignored
     1>mpi.lib(mpich2mpi.dll) : warning LNK4006: __imp__MPI_DUP_FN already defined in fmpich2.lib(fmpich2.dll); second definition ignored
     1>mpi.lib(mpich2mpi.dll) : warning LNK4221: This object file does not define any previously undefined public symbols, so it will not be used by any link operation that consumes this library
     1>mpi.lib(mpich2mpi.dll) : warning LNK4006: __NULL_IMPORT_DESCRIPTOR already defined in fmpe.lib(fmpe.dll); second definition ignored
     1>mpi.lib(mpich2mpi.dll) : warning LNK4221: This object file does not define any previously undefined public symbols, so it will not be used by any link operation that consumes this library
         parmetis.vcxproj -> C:\Users\tdqua_000\Desktop\MyLab\ParMetis\libparmetis\Debug\parmetis.lib
       FinalizeBuildStatus:
         Deleting file "parmetis.dir\Debug\parmetis.unsuccessfulbuild".
         Touching "parmetis.dir\Debug\parmetis.lastbuildstate".
     1>Done Building Project "C:\Users\tdqua_000\Desktop\MyLab\ParMetis\libparmetis\parmetis.vcxproj" (build target(s)).

Build succeeded.

Time Elapsed 00:00:03.13
